
================================================================================
PIVOT SAFETY WARNING: Inductive biases missing from primary One-Body path
================================================================================

  Component: state_transition_core
  active_in_primary_onebody_path = False
  Note: Reusable GRAM/PTRM-style state transition core family (legacy implementation). Provides the original stochastic recurrent breadth inductive bias (true_gram prior/posterior sampling + high-level guidance) that contributed to historical 5.53~5.56 signals. See Historical Signal Reconstruction: docs/wik...
  → Any SSOT requiring executable ablations on this bias is currently unfulfillable.

  See: docs/wiki/process/pivot-safety-and-inductive-bias-preservation.md
================================================================================

[Strong Protection] Enabled: attractor_protection_during_rehearsal raised to 0.9, heldout_answer_pressure_weight boosted to at least 1.0
[Logging] Direct run log at checkpoints/hybrid_ri4_v1.2_loss_monotonic_202606/run.log (in addition to stdout + TB)
========================================================================
RI-4 HYBRID REAL CONTINUATION (A-Mode Most-Deficient move)
  Horizon: 300 steps | d_model=384
  Gold: local_eval/642_adaptive_fine_tuned_200step/adaptive_phase2_checkpoint.pt
  RI-4 ablations: slots_off=False, persistence_off=False
========================================================================
>>> ARCHITECTURE: v1.2 (Hybrid RI-4 + FULL v0.5 5.56 Curriculum + ARCHITECTURAL TRAJECTORY GUARDRAIL)
    full_curriculum_rehearsal_step + rolling buffer + decay-scaled gold injection + protection_during_rehearsal=0.7
    + K-candidate selection INSIDE OneBodyParallelHybridBlock recurrence (v0.x StateTransitionCore spirit)
    (This is the architecture modification that was required alongside the accuracy cycle.)
[HybridBlock] Using official FLA MultiheadLatentAttention (MLA)
[HybridBlock] Using official FLA MultiheadLatentAttention (MLA)
[HybridBlock] Using official FLA MultiheadLatentAttention (MLA)
[HybridBlock] Using official FLA MultiheadLatentAttention (MLA)
[v1.2 Arch Guardrail] Internal K-candidate trajectory selection armed inside hybrid recurrence (K=4). This is the architectural-level restoration from StateTransitionCore + verifier era.
[v0.5 Curriculum Restoration] PRIMARY PATH: full_curriculum_rehearsal_step (decay + protection + gold injection + buffer selection) for gold_structured mode
[Resume] Loading from checkpoints/hybrid_ri4_82m_v1.2_arch_guardrail_K4_202606/hybrid_ri4_cont_step400.pt
[Resume] Resumed at step 400
[RI-4 Selectivity] Router temperature=1.0 gumbel_std=0.0
[Gold] Loading real 642 gold from: local_eval/642_adaptive_fine_tuned_200step/adaptive_phase2_checkpoint.pt
[Gold] Real 642 gold successfully prepared for d_model=384
[C-Track] TensorBoard enabled at checkpoints/hybrid_ri4_v1.2_loss_monotonic_202606/tb (train_loss + eval_loss + Heldout/*_acc)
[B+C-Track] Periodic real heldout accuracy probe ACTIVE every 5 steps (max_cases=8) on reasoning + memory 72.jsonl
[Checkpoint] saved checkpoints/hybrid_ri4_v1.2_loss_monotonic_202606/hybrid_ri4_cont_step410.pt
  [v0.x Selection] Step 419: selected trajectory 2/4 (score=2.9188, progress=0.2500)
step 420/700 | train_loss=0.025757 | eval_loss=0.039795 | reasoning_heldout=0/8(0.00) memory_heldout=3/8(0.38)
[Checkpoint] saved checkpoints/hybrid_ri4_v1.2_loss_monotonic_202606/hybrid_ri4_cont_step420.pt
[Checkpoint] saved checkpoints/hybrid_ri4_v1.2_loss_monotonic_202606/hybrid_ri4_cont_step430.pt
  [v0.x Selection] Step 439: selected trajectory 4/4 (score=3.8922, progress=-0.0469)
[Checkpoint] saved checkpoints/hybrid_ri4_v1.2_loss_monotonic_202606/hybrid_ri4_cont_step440.pt
step 450/700 | train_loss=0.027954 | eval_loss=0.038086 | reasoning_heldout=1/8(0.12) memory_heldout=3/8(0.38)
step 450/300 | norm=6.531
[Checkpoint] saved checkpoints/hybrid_ri4_v1.2_loss_monotonic_202606/hybrid_ri4_cont_step450.pt
  [v0.x Selection] Step 459: selected trajectory 3/4 (score=2.1063, progress=0.0938)
[Checkpoint] saved checkpoints/hybrid_ri4_v1.2_loss_monotonic_202606/hybrid_ri4_cont_step460.pt
[Checkpoint] saved checkpoints/hybrid_ri4_v1.2_loss_monotonic_202606/hybrid_ri4_cont_step470.pt
  [v0.x Selection] Step 479: selected trajectory 4/4 (score=2.7859, progress=0.3281)
step 480/700 | train_loss=0.024658 | eval_loss=0.038330 | reasoning_heldout=0/8(0.00) memory_heldout=3/8(0.38)
[Checkpoint] saved checkpoints/hybrid_ri4_v1.2_loss_monotonic_202606/hybrid_ri4_cont_step480.pt
[Checkpoint] saved checkpoints/hybrid_ri4_v1.2_loss_monotonic_202606/hybrid_ri4_cont_step490.pt
  [v0.x Selection] Step 499: selected trajectory 2/4 (score=3.0453, progress=-0.2656)
[Checkpoint] saved checkpoints/hybrid_ri4_v1.2_loss_monotonic_202606/hybrid_ri4_cont_step500.pt
step 510/700 | train_loss=0.025879 | eval_loss=0.038818 | reasoning_heldout=1/8(0.12) memory_heldout=3/8(0.38)
[Checkpoint] saved checkpoints/hybrid_ri4_v1.2_loss_monotonic_202606/hybrid_ri4_cont_step510.pt
  [v0.x Selection] Step 519: selected trajectory 1/4 (score=1.9711, progress=0.0078)
[Checkpoint] saved checkpoints/hybrid_ri4_v1.2_loss_monotonic_202606/hybrid_ri4_cont_step520.pt
step 525/300 | norm=3.766
[Checkpoint] saved checkpoints/hybrid_ri4_v1.2_loss_monotonic_202606/hybrid_ri4_cont_step530.pt
  [v0.x Selection] Step 539: selected trajectory 3/4 (score=3.0547, progress=0.5469)
step 540/700 | train_loss=0.031494 | eval_loss=0.037598 | reasoning_heldout=1/8(0.12) memory_heldout=3/8(0.38)
[Checkpoint] saved checkpoints/hybrid_ri4_v1.2_loss_monotonic_202606/hybrid_ri4_cont_step540.pt
[Checkpoint] saved checkpoints/hybrid_ri4_v1.2_loss_monotonic_202606/hybrid_ri4_cont_step550.pt
  [v0.x Selection] Step 559: selected trajectory 1/4 (score=2.0633, progress=-0.1016)
[Checkpoint] saved checkpoints/hybrid_ri4_v1.2_loss_monotonic_202606/hybrid_ri4_cont_step560.pt
step 570/700 | train_loss=0.056885 | eval_loss=0.038086 | reasoning_heldout=1/8(0.12) memory_heldout=3/8(0.38)
[Checkpoint] saved checkpoints/hybrid_ri4_v1.2_loss_monotonic_202606/hybrid_ri4_cont_step570.pt
  [v0.x Selection] Step 579: selected trajectory 3/4 (score=2.1453, progress=0.0156)
[Checkpoint] saved checkpoints/hybrid_ri4_v1.2_loss_monotonic_202606/hybrid_ri4_cont_step580.pt
[Checkpoint] saved checkpoints/hybrid_ri4_v1.2_loss_monotonic_202606/hybrid_ri4_cont_step590.pt
  [v0.x Selection] Step 599: selected trajectory 1/4 (score=5.1625, progress=0.7500)
step 600/700 | train_loss=0.084473 | eval_loss=0.036621 | reasoning_heldout=1/8(0.12) memory_heldout=3/8(0.38)
step 600/300 | norm=11.812
[Checkpoint] saved checkpoints/hybrid_ri4_v1.2_loss_monotonic_202606/hybrid_ri4_cont_step600.pt
[Checkpoint] saved checkpoints/hybrid_ri4_v1.2_loss_monotonic_202606/hybrid_ri4_cont_step610.pt
  [v0.x Selection] Step 619: selected trajectory 1/4 (score=1.5203, progress=0.0156)
[Checkpoint] saved checkpoints/hybrid_ri4_v1.2_loss_monotonic_202606/hybrid_ri4_cont_step620.pt
step 630/700 | train_loss=0.107422 | eval_loss=0.036377 | reasoning_heldout=1/8(0.12) memory_heldout=3/8(0.38)
[Checkpoint] saved checkpoints/hybrid_ri4_v1.2_loss_monotonic_202606/hybrid_ri4_cont_step630.pt
  [v0.x Selection] Step 639: selected trajectory 2/4 (score=2.2344, progress=0.1562)
[Checkpoint] saved checkpoints/hybrid_ri4_v1.2_loss_monotonic_202606/hybrid_ri4_cont_step640.pt
[Checkpoint] saved checkpoints/hybrid_ri4_v1.2_loss_monotonic_202606/hybrid_ri4_cont_step650.pt
  [v0.x Selection] Step 659: selected trajectory 1/4 (score=8.0719, progress=-1.8438)
step 660/700 | train_loss=0.121094 | eval_loss=0.036377 | reasoning_heldout=1/8(0.12) memory_heldout=3/8(0.38)
[Checkpoint] saved checkpoints/hybrid_ri4_v1.2_loss_monotonic_202606/hybrid_ri4_cont_step660.pt
[Checkpoint] saved checkpoints/hybrid_ri4_v1.2_loss_monotonic_202606/hybrid_ri4_cont_step670.pt
step 675/300 | norm=3.750
  [v0.x Selection] Step 679: selected trajectory 4/4 (score=1.4344, progress=0.0938)
[Checkpoint] saved checkpoints/hybrid_ri4_v1.2_loss_monotonic_202606/hybrid_ri4_cont_step680.pt
step 690/700 | train_loss=0.039551 | eval_loss=0.036377 | reasoning_heldout=1/8(0.12) memory_heldout=3/8(0.38)
[Checkpoint] saved checkpoints/hybrid_ri4_v1.2_loss_monotonic_202606/hybrid_ri4_cont_step690.pt
  [v0.x Selection] Step 699: selected trajectory 2/4 (score=2.6281, progress=0.3750)
step 700/700 | train_loss=0.021729 | eval_loss=0.036621 | reasoning_heldout=1/8(0.12) memory_heldout=3/8(0.38)
[Checkpoint] saved checkpoints/hybrid_ri4_v1.2_loss_monotonic_202606/hybrid_ri4_cont_step700.pt

Continuation smoke complete. Substrate is now exercisable in a checkpointed loop.
Next: wire real data + full optimizer + 192-style gates on these checkpoints. Parallel Fast-Falsification batch active. (User order: positive until it appears)
[C-Track] TensorBoard flushed+closed. Logs at: checkpoints/hybrid_ri4_v1.2_loss_monotonic_202606/tb  (tensorboard --logdir checkpoints/hybrid_ri4_v1.2_loss_monotonic_202606/tb)
