=== 5.56 Full Curriculum Ablation Matrix (Reverse I→G→A) ===
Base output: local_556_real642_full_gstage_matrix_fixed_20260527_1256
Steps per variant: 100
Gold path: local_eval/642_adaptive_fine_tuned_200step/adaptive_phase2_checkpoint.pt


=== Running variant: 01_full_556_real_gold_stoch_on ===
Command: bash scripts/launch_556_local_smoke.sh --steps 100 --save_dir local_556_real642_full_gstage_matrix_fixed_20260527_1256/01_full_556_real_gold_stoch_on --log_every 5 --enable_stochastic_breadth --gold_path local_eval/642_adaptive_fine_tuned_200step/adaptive_phase2_checkpoint.pt
Variant 01_full_556_real_gold_stoch_on finished with code 0
  Artifacts in: local_556_real642_full_gstage_matrix_fixed_20260527_1256/01_full_556_real_gold_stoch_on

=== Running variant: 02_stochastic_ablation_zero ===
Command: bash scripts/launch_556_local_smoke.sh --steps 100 --save_dir local_556_real642_full_gstage_matrix_fixed_20260527_1256/02_stochastic_ablation_zero --log_every 5 --enable_stochastic_breadth --stochastic_ablation_zero true --gold_path local_eval/642_adaptive_fine_tuned_200step/adaptive_phase2_checkpoint.pt
Variant 02_stochastic_ablation_zero finished with code 0
  Artifacts in: local_556_real642_full_gstage_matrix_fixed_20260527_1256/02_stochastic_ablation_zero

=== Running variant: 03_no_attractor_protection ===
Command: bash scripts/launch_556_local_smoke.sh --steps 100 --save_dir local_556_real642_full_gstage_matrix_fixed_20260527_1256/03_no_attractor_protection --log_every 5 --enable_stochastic_breadth --gold_path local_eval/642_adaptive_fine_tuned_200step/adaptive_phase2_checkpoint.pt
NOTE: MANUAL: temporarily set protect_attractor=False in rehearsal config for this variant
Variant 03_no_attractor_protection finished with code 0
  Artifacts in: local_556_real642_full_gstage_matrix_fixed_20260527_1256/03_no_attractor_protection

=== Running variant: 04_no_scheduled_decay_fixed_high ===
Command: bash scripts/launch_556_local_smoke.sh --steps 100 --save_dir local_556_real642_full_gstage_matrix_fixed_20260527_1256/04_no_scheduled_decay_fixed_high --log_every 5 --enable_stochastic_breadth --gold_path local_eval/642_adaptive_fine_tuned_200step/adaptive_phase2_checkpoint.pt
NOTE: MANUAL: set fixed high binding weight in rehearsal for this run
