파일 시스템     크기  사용  가용 사용% 마운트위치
tmpfs           9.5G   26M  9.4G    1% /run
/dev/nvme0n1p3  272G  231G   27G   90% /
tmpfs            48G   41M   47G    1% /dev/shm
tmpfs           5.0M   20K  5.0M    1% /run/lock
efivarfs        256K  123K  129K   49% /sys/firmware/efi/efivars
/dev/sda1       916G  849G   21G   98% /mnt/sda1
/dev/nvme1n1p2  915G  820G   49G   95% /mnt/nvme0n1p2
/dev/nvme0n1p1  1.1G  6.2M  1.1G    1% /boot/efi
/dev/sdc1       932G  924G  8.2G  100% /mnt/sdc1
/dev/nvme0n1p2  643G  610G     0  100% /mnt/nvme1n1p2
tmpfs           9.5G  144K  9.5G    1% /run/user/1000
shm              64M     0   64M    0% /run/k3s/containerd/io.containerd.grpc.v1.cri/sandboxes/bfc0b35459aa5254587a46f37885b84cde4ac0182b716b99de660403fd723d24/shm
shm              64M     0   64M    0% /run/k3s/containerd/io.containerd.grpc.v1.cri/sandboxes/9f4382f14d6bb220506c99a0b04e8c84bce1546691db5ab1dd5870cb41a2efab/shm
shm              64M     0   64M    0% /run/k3s/containerd/io.containerd.grpc.v1.cri/sandboxes/eee5b0f5e973615d7c5d655ee3c4cb498fee9b1af6361e5e7112f02be3201010/shm
shm              64M     0   64M    0% /run/k3s/containerd/io.containerd.grpc.v1.cri/sandboxes/dde63ceea6ca80f7e68636ece2ff9bf2cca87848324376806306b3d9c795a85a/shm
shm              64M     0   64M    0% /run/k3s/containerd/io.containerd.grpc.v1.cri/sandboxes/a36c32b7f038544409f5409ab38341cca231841adb485d606acaf26e797d4fe9/shm
shm              64M     0   64M    0% /run/k3s/containerd/io.containerd.grpc.v1.cri/sandboxes/23cafc6be9f6fb5dd7832361b1516df2f1058076865b576d9d3958c80acc378b/shm
shm              64M     0   64M    0% /run/k3s/containerd/io.containerd.grpc.v1.cri/sandboxes/735d3e1f7d0be53018bf95180d840baec4195ac3443a6c344457331ff6a29b8f/shm
shm              64M     0   64M    0% /run/k3s/containerd/io.containerd.grpc.v1.cri/sandboxes/911981aa00af53845f8f92752bf56380b0c9e4fe32b56ce172c0e72e4ae93009/shm
shm              64M     0   64M    0% /run/k3s/containerd/io.containerd.grpc.v1.cri/sandboxes/ac528f4eac5f4539f5980980e46dbb49a58548a51f64e61b7fe934241dd700e7/shm
shm              64M     0   64M    0% /run/k3s/containerd/io.containerd.grpc.v1.cri/sandboxes/4f478da858a7bd1d41159a23269df7de6abbff46b5f95b15f97788c86c985fda/shm
shm              64M     0   64M    0% /run/k3s/containerd/io.containerd.grpc.v1.cri/sandboxes/9e4a7bb1bb6ba8a92edce94ed5d516573d5955de519385231b16723d8f1726b8/shm
shm              64M     0   64M    0% /run/k3s/containerd/io.containerd.grpc.v1.cri/sandboxes/07ead5b80fa85804622e3f1e3b0fa83e98e94830e1bd218342b1b77744f98a61/shm
shm              64M     0   64M    0% /run/k3s/containerd/io.containerd.grpc.v1.cri/sandboxes/610d4b7f16b091933f95f4c4fb04b99e7e778d5f9e9a508862e4680e0712e6e4/shm
shm              64M     0   64M    0% /run/k3s/containerd/io.containerd.grpc.v1.cri/sandboxes/915a7e00a80283f18fa62f1b6bde38f00144522a92c08cd1327fa7b87faaa422/shm
shm              64M     0   64M    0% /run/k3s/containerd/io.containerd.grpc.v1.cri/sandboxes/68bd606e96d086f843791b459de6a075889fba4a5a9748b6f451420e615f884b/shm
shm              64M     0   64M    0% /run/k3s/containerd/io.containerd.grpc.v1.cri/sandboxes/3ffeaf1a8fb243428ead04e8e505b1d0f679676b310462ed0e3072564a12a868/shm
shm              64M     0   64M    0% /run/k3s/containerd/io.containerd.grpc.v1.cri/sandboxes/3dbf788498bd9125d02d87a48a810e2f2a77c6150dda6bef42df46acd0121f49/shm
shm              64M     0   64M    0% /run/k3s/containerd/io.containerd.grpc.v1.cri/sandboxes/d4f2e0ecd60368f1ce6a73f0cae4aef2b3d47a3081f102da6f99aaa05ea16fe0/shm
shm              64M     0   64M    0% /run/k3s/containerd/io.containerd.grpc.v1.cri/sandboxes/21476b0f63a20d0028b96e8d0afb8d9924a59fe4934a947caabfee6a8edd5b33/shm
shm              64M     0   64M    0% /run/k3s/containerd/io.containerd.grpc.v1.cri/sandboxes/0a35a77815a34f24bf06fc47b89307e78ba4f308a35049c7540006ca0e92c079/shm
shm              64M     0   64M    0% /run/k3s/containerd/io.containerd.grpc.v1.cri/sandboxes/2acafed1efa029a9cd0b15d08641aa45ad4c1026da6cce210beea449ee563cb9/shm
shm              64M     0   64M    0% /run/k3s/containerd/io.containerd.grpc.v1.cri/sandboxes/76467813e2b65e2c9e5cbeee1415a7123a168c75d3ede8135d04c54d35a1bab4/shm
shm              64M     0   64M    0% /run/k3s/containerd/io.containerd.grpc.v1.cri/sandboxes/5ba2775039428c529c06521891b9dc6896a9029e7dd2ed8fe6c93f084447a2a6/shm
shm              64M     0   64M    0% /run/k3s/containerd/io.containerd.grpc.v1.cri/sandboxes/dd653b467e1263a34154435d9241b19b8eab24f706809bdf6d78dec9a31a82c1/shm
shm              64M     0   64M    0% /run/k3s/containerd/io.containerd.grpc.v1.cri/sandboxes/425cf5ee522a7b39fb449265e7423ee1e3a1f4c33afe3da3bb37ff9f399dfded/shm
shm              64M     0   64M    0% /run/k3s/containerd/io.containerd.grpc.v1.cri/sandboxes/d725d9fef800af27ce107e10b47333e622bd35786fae82538ccdc22ae214b1fc/shm
shm              64M     0   64M    0% /run/k3s/containerd/io.containerd.grpc.v1.cri/sandboxes/97ab5583ea07c12ec3064f480253182a77633328c1147835ff7eae51617ffe67/shm
shm              64M     0   64M    0% /run/k3s/containerd/io.containerd.grpc.v1.cri/sandboxes/b877f0e9d3f096d2320dfd0962ec911a2a5993d94448076c8ab05161eaa5288d/shm
shm              64M     0   64M    0% /run/k3s/containerd/io.containerd.grpc.v1.cri/sandboxes/5c43c2526afcdee4f8b41a34a06ea5929ef8d7c34b41bb21fbd5df4a7902e916/shm
shm              64M     0   64M    0% /run/k3s/containerd/io.containerd.grpc.v1.cri/sandboxes/0ff2b46477b649eb73c7e57bfbb86d37a6b111157ed825094689723d1aaac906/shm
shm              64M     0   64M    0% /run/k3s/containerd/io.containerd.grpc.v1.cri/sandboxes/3a022bd89914e798bfa2b518d7a5054bd277b477ee1936986fed63c8cb5e593d/shm
shm              64M     0   64M    0% /run/k3s/containerd/io.containerd.grpc.v1.cri/sandboxes/da06b249ba643ae1b04cbb5d4fcf9047578c287f7f2cbc676aeccfeacd8a14db/shm
shm              64M     0   64M    0% /run/k3s/containerd/io.containerd.grpc.v1.cri/sandboxes/67ed3ace8961c09015d1d0408e63a6c162e90d7a496a6a4dcf1ac1b9c427285f/shm
shm              64M     0   64M    0% /run/k3s/containerd/io.containerd.grpc.v1.cri/sandboxes/b640530346e4a5c568762cd0098bb68cb3d503f1727052521f195b3266292ec9/shm
shm              64M     0   64M    0% /run/k3s/containerd/io.containerd.grpc.v1.cri/sandboxes/d9a44557ce90304c667569cda8d859b6c6f6e6ec35ad36a4118a4c88aaa0f7fc/shm
shm              64M     0   64M    0% /run/k3s/containerd/io.containerd.grpc.v1.cri/sandboxes/0ca32f9d7f765db8a47f859e683b729eab76caf9fc34d432d03266ba7dc8b671/shm
shm              64M     0   64M    0% /run/k3s/containerd/io.containerd.grpc.v1.cri/sandboxes/5cc8f55cd4a7aae1ec5febbd211387091659178c9f1525a7745c1f47556ac580/shm
shm              64M     0   64M    0% /run/k3s/containerd/io.containerd.grpc.v1.cri/sandboxes/9517b99604c4a78068706a448d093c18ed75b5b470b5b5c63c4e28f75c25f1cf/shm
shm              64M     0   64M    0% /run/k3s/containerd/io.containerd.grpc.v1.cri/sandboxes/3086e6334b0026c6408cc0afbc80c7f02483a1ce8ac3441e4035f0716723cb0a/shm
shm              64M     0   64M    0% /run/k3s/containerd/io.containerd.grpc.v1.cri/sandboxes/fcdecb1da9fc29c2630b1f5c0eaa15808f3b74bef3fb93e5c54ff6965846906c/shm
shm              64M     0   64M    0% /run/k3s/containerd/io.containerd.grpc.v1.cri/sandboxes/6ff18a8ec1507a79d460e8090f68f061e546fb17ff061b0ed884145059875574/shm
shm              64M     0   64M    0% /run/k3s/containerd/io.containerd.grpc.v1.cri/sandboxes/0a123960b0df3f25c09d06090c2cb26b91b913e6a09307f77fabe6b27d594eb3/shm
shm              64M     0   64M    0% /run/k3s/containerd/io.containerd.grpc.v1.cri/sandboxes/037adf95c917f06f530a3c83b660c1347cefbeb3077a5fe650c6694b155ace21/shm
shm              64M     0   64M    0% /run/k3s/containerd/io.containerd.grpc.v1.cri/sandboxes/9dc6e62e690a3d6e6879d58c35d4659a587dfcfb41396319c31792b2cf5295bc/shm
shm              64M     0   64M    0% /run/k3s/containerd/io.containerd.grpc.v1.cri/sandboxes/974752a97186eace44ce270421cbd83ab4ba1a823e5368d71e8735b6ce7ae3ed/shm
shm              64M     0   64M    0% /run/k3s/containerd/io.containerd.grpc.v1.cri/sandboxes/d4fe8c6c7cfb3e3c8089c9b1603ffbca355ad6798b19f150a0bef7e6ab3a7157/shm
shm              64M     0   64M    0% /run/k3s/containerd/io.containerd.grpc.v1.cri/sandboxes/ee343ff47cb537a60766749947c11c1e61c669fad6234b4a84f3186dd0b6ca51/shm
shm              64M     0   64M    0% /run/k3s/containerd/io.containerd.grpc.v1.cri/sandboxes/0558805f0e1119a398c85d1d556f01e1312d366593cf39d0bad598ba09d8c1a2/shm
shm              64M     0   64M    0% /run/k3s/containerd/io.containerd.grpc.v1.cri/sandboxes/3bbad99bfaf0bad39537be788d135f34fd152453ff4eeb0ecd7a0ab47913886c/shm
shm              64M     0   64M    0% /run/k3s/containerd/io.containerd.grpc.v1.cri/sandboxes/54b1b1ef44b996650a88f16b65022cbef6baf111c34946306b9cba2da7160890/shm
shm              64M     0   64M    0% /run/k3s/containerd/io.containerd.grpc.v1.cri/sandboxes/3c21f970d90bd4ec022479cf90c4c5f1c4f909451e0ec8032afdff92a5f0156a/shm
shm              64M     0   64M    0% /run/k3s/containerd/io.containerd.grpc.v1.cri/sandboxes/cad038345b8ff169678250336f0c89eac3f2f25434f15287c7454f54f9995ddb/shm
shm              64M     0   64M    0% /run/k3s/containerd/io.containerd.grpc.v1.cri/sandboxes/7cb8e8688e1b0548dc40434c9af8f443e0c301934cbe317260c91834dfeecce2/shm
shm              64M     0   64M    0% /run/k3s/containerd/io.containerd.grpc.v1.cri/sandboxes/e7a31e42eb7cb21a09924652b80277a476645556160fa5210b49b6b23b87848a/shm
shm              64M     0   64M    0% /run/k3s/containerd/io.containerd.grpc.v1.cri/sandboxes/2d851e9fc2164b924b786c75ec05ee03eacb2ffd666078ad1a68e4d27b8a7a0a/shm
shm              64M     0   64M    0% /run/k3s/containerd/io.containerd.grpc.v1.cri/sandboxes/531d1264940a5015116dca8c9989ed49b782a80bac132e9ba7c5fb7038fcf253/shm
shm              64M     0   64M    0% /run/k3s/containerd/io.containerd.grpc.v1.cri/sandboxes/506597e9298aee443f030308a0a07ce08f052df24e09aab7b9d6db576d881ed9/shm
shm              64M     0   64M    0% /run/k3s/containerd/io.containerd.grpc.v1.cri/sandboxes/9378fa06eb751f5c5d2018e73dadb78edbbd4a8b01fa73a50ee297946a46b736/shm
shm              64M     0   64M    0% /run/k3s/containerd/io.containerd.grpc.v1.cri/sandboxes/e636c9879a6340cf4d071c744b41930fcb9308ede5a828f376f652a0441193f4/shm
shm              64M     0   64M    0% /run/k3s/containerd/io.containerd.grpc.v1.cri/sandboxes/a953e38b23fca0d9991d45f9f0e144732c01c5a3d843bcc70f568db52b69a472/shm
shm              64M     0   64M    0% /run/k3s/containerd/io.containerd.grpc.v1.cri/sandboxes/61e44a514225a74de9f2aa4611354d5a5670c65e0ac94ea7848825089074c05f/shm
shm              64M     0   64M    0% /run/k3s/containerd/io.containerd.grpc.v1.cri/sandboxes/a1f072eb49e950cbf21bfdc7fccaf56291d753c0460eded98b844265d1447e1e/shm
shm              64M     0   64M    0% /run/k3s/containerd/io.containerd.grpc.v1.cri/sandboxes/84dff55ac05fbd5000b0f62362fecc5ccf3c7c34f69b219c260f05067f43d58c/shm
shm              64M     0   64M    0% /run/k3s/containerd/io.containerd.grpc.v1.cri/sandboxes/7a7f746e6f61d6278fd4671197616a4a08c9de3ebe76429fa3e9286b04935630/shm
shm              64M     0   64M    0% /run/k3s/containerd/io.containerd.grpc.v1.cri/sandboxes/a4a71c6571fbd66004ecc886d97d820998e8542a07444f7d751a4e5a9411b1da/shm
shm              64M     0   64M    0% /run/k3s/containerd/io.containerd.grpc.v1.cri/sandboxes/c6cfbba24d346b5078bac97ddd2b1558e897fae3e383d8f0d3b2be05b4df451e/shm
shm              64M     0   64M    0% /run/k3s/containerd/io.containerd.grpc.v1.cri/sandboxes/b39728f07e6c4208aa0a7eadd0bb7da83ffeb9882cffc3559644e4db16c5a181/shm
shm              64M     0   64M    0% /run/k3s/containerd/io.containerd.grpc.v1.cri/sandboxes/d74beb4d862d28844b68110b239cf87c3ad740c25a80721513fce8272c9e8a38/shm
shm              64M     0   64M    0% /run/k3s/containerd/io.containerd.grpc.v1.cri/sandboxes/9f91f401ef48c947cfa166dd70af22c04f70de4e221eb679661f51535b8d0839/shm
shm              64M     0   64M    0% /run/k3s/containerd/io.containerd.grpc.v1.cri/sandboxes/1209c3308063d79d19bc6652c5f18ed6734b7fceef9e54f7464f4ca342e892b9/shm
shm              64M     0   64M    0% /run/k3s/containerd/io.containerd.grpc.v1.cri/sandboxes/4248e04d005155f17aea3f575472061f4e6d3d92eab5f840e7cc948ed79bee67/shm
shm              64M     0   64M    0% /run/k3s/containerd/io.containerd.grpc.v1.cri/sandboxes/753f2f1793f6df8eecb56e7b8e93f5a1483cba957f8747c55c1bad5372ec8362/shm
shm              64M     0   64M    0% /run/k3s/containerd/io.containerd.grpc.v1.cri/sandboxes/ee67c9bdd7e445102e732bb9d78014954b55af33f8729ca4222917624169626f/shm
shm              64M     0   64M    0% /run/k3s/containerd/io.containerd.grpc.v1.cri/sandboxes/56926bc6f05c353c260ccb074906a6b0ff5c75bf467530ef5663e450877bc7f5/shm
shm              64M     0   64M    0% /run/k3s/containerd/io.containerd.grpc.v1.cri/sandboxes/8c826c6768dac073ae286a380e9b8aa3b5fd615d1609653ccdd03cc13db8352b/shm
shm              64M     0   64M    0% /run/k3s/containerd/io.containerd.grpc.v1.cri/sandboxes/c6df75b0d0bbb90ca5508685bcd27bee9172e1877ccdb6b5d9fe09a2af526f31/shm
shm              64M     0   64M    0% /run/k3s/containerd/io.containerd.grpc.v1.cri/sandboxes/3f859e396265aacc3651e26d1d693ce907ecaf1b89dd576bd3bfb0f6de258174/shm
shm              64M     0   64M    0% /run/k3s/containerd/io.containerd.grpc.v1.cri/sandboxes/57ce40483c3b7be8f0cb0b684c896b9dd82bb05f051be035f7e3957351f0178f/shm
shm              64M     0   64M    0% /run/k3s/containerd/io.containerd.grpc.v1.cri/sandboxes/7c608f161e9963ebb0381ef9505b643b5f1a567d32cefd3ccc272c71fe5a3ff5/shm
shm              64M     0   64M    0% /run/k3s/containerd/io.containerd.grpc.v1.cri/sandboxes/48a373a537ac87995a09ba8e7bd4659ab692d2093929487be25a502214b0df4e/shm
shm              64M     0   64M    0% /run/k3s/containerd/io.containerd.grpc.v1.cri/sandboxes/1d26f95d79ea66834f913fca83a109a4772c3a498cd70c1a8fbbb9bc4fd2722b/shm
shm              64M     0   64M    0% /run/k3s/containerd/io.containerd.grpc.v1.cri/sandboxes/7ec18e75cf806612ed2324998806c7b46d8e9ba5da430d6aa2bb92f146f8b520/shm
shm              64M     0   64M    0% /run/k3s/containerd/io.containerd.grpc.v1.cri/sandboxes/294d60074759e7db39ce6c422798f475e83fb9c87050b518fda689e2e4ac7201/shm
shm              64M     0   64M    0% /run/k3s/containerd/io.containerd.grpc.v1.cri/sandboxes/3046e0aa6d9b84e20d4eb073860c15b055ad013a99d15e69ef88c255c16ce661/shm
shm              64M     0   64M    0% /run/k3s/containerd/io.containerd.grpc.v1.cri/sandboxes/5025a3b04c850d10baf0d60b2a14be4d62832b0dfcc8e47f1ad3345374fd8a0e/shm
shm              64M     0   64M    0% /run/k3s/containerd/io.containerd.grpc.v1.cri/sandboxes/316afc4abfb61fe91c4960676cb40ecfb66ab0c02928f0d16b57f6532ee9e9c5/shm
shm              64M     0   64M    0% /run/k3s/containerd/io.containerd.grpc.v1.cri/sandboxes/39fbafc20cb9d39d8ef31b8c0e07072935f57982266c957e45970a17cc1dd395/shm
shm              64M     0   64M    0% /run/k3s/containerd/io.containerd.grpc.v1.cri/sandboxes/1fc4cb983820877ada2a9b56e451e74cc3b7b214cb44c023eeacffc093d06fb1/shm
shm              64M     0   64M    0% /run/k3s/containerd/io.containerd.grpc.v1.cri/sandboxes/28d132b2c990a930b6f659eacfaff1b8e8cf7133b6c8fa7a9423ce6de3983626/shm
shm              64M     0   64M    0% /run/k3s/containerd/io.containerd.grpc.v1.cri/sandboxes/a66777df8af876f641d488df8d645036866a28165f2c3b16668249b8154f54e9/shm
shm              64M     0   64M    0% /run/k3s/containerd/io.containerd.grpc.v1.cri/sandboxes/7e331f5d490ce9e6e292395d9859c65f1f878bade593ab545823746b5a777c14/shm
shm              64M     0   64M    0% /run/k3s/containerd/io.containerd.grpc.v1.cri/sandboxes/6e276f4db6357f9cf6abe5d335906a1a10db40ec2bd2aac2d5efd4f9ea6c1b51/shm
shm              64M     0   64M    0% /run/k3s/containerd/io.containerd.grpc.v1.cri/sandboxes/414a7c06cec2d2495a0c2197c9a2dbdc91a6f69aa1a4d0bbf3a1f22138b436e9/shm
shm              64M     0   64M    0% /run/k3s/containerd/io.containerd.grpc.v1.cri/sandboxes/8fefd49e897b2f4e737219cc8d783b0b48d5731e24b12c370917467501f67ea4/shm
shm              64M     0   64M    0% /run/k3s/containerd/io.containerd.grpc.v1.cri/sandboxes/7e318dd41cf58cb6fd0e0a634246f2c00520de75e862f3d599051169eaaebd45/shm
shm              64M     0   64M    0% /run/k3s/containerd/io.containerd.grpc.v1.cri/sandboxes/9a65f98489a8f59f0f19392ccd83593dd9ba8c34dc4d265b4e4509e77987eab0/shm
shm              64M     0   64M    0% /run/k3s/containerd/io.containerd.grpc.v1.cri/sandboxes/7f14444d84038413b68cbedf91f1e3a7e23e5c47b10fe9b62bbbd3ea9f4eb149/shm
shm              64M     0   64M    0% /run/k3s/containerd/io.containerd.grpc.v1.cri/sandboxes/164aeece5c9b6f13b599f7dfd28e5e30fd7afab3ba4aeca48ae9037dce30ba4d/shm
shm              64M     0   64M    0% /run/k3s/containerd/io.containerd.grpc.v1.cri/sandboxes/f793f586b405b5a92727d1a3b591521c9f35c8d2dffa3770e24f06c9f3a34b14/shm
shm              64M     0   64M    0% /run/k3s/containerd/io.containerd.grpc.v1.cri/sandboxes/2e81d1262629db7a16c3295b885467509b6c71dda7528a22a254b8a405172607/shm
shm              64M     0   64M    0% /run/k3s/containerd/io.containerd.grpc.v1.cri/sandboxes/5d6e276b8387e57a963628a60299cb6e77f557cb9698ebe48318b4a60ac85372/shm
shm              64M     0   64M    0% /run/k3s/containerd/io.containerd.grpc.v1.cri/sandboxes/41a442ee5e5bc6a8005962c7159a9470997319e4a4795a4a897b0a6d818b1924/shm
shm              64M     0   64M    0% /run/k3s/containerd/io.containerd.grpc.v1.cri/sandboxes/c3a57293589da450acb6a36811dedcdba851415b6f26544b68f29f0dffd31e6e/shm
shm              64M     0   64M    0% /run/k3s/containerd/io.containerd.grpc.v1.cri/sandboxes/252f1965cc74ef0ff83ef67f070e38d93fe03c50785dd09e3a9aecca4d0976e8/shm
shm              64M     0   64M    0% /run/k3s/containerd/io.containerd.grpc.v1.cri/sandboxes/f777d9510f84af306d05d3dd579927029516ae9edfe890821496e90bee99c3fd/shm
shm              64M     0   64M    0% /run/k3s/containerd/io.containerd.grpc.v1.cri/sandboxes/4113fe7235369792e6fc8fc8334f1a41332f91e78a3cac3b8fe8d9072d27400c/shm
shm              64M     0   64M    0% /run/k3s/containerd/io.containerd.grpc.v1.cri/sandboxes/ddb736f45fd4d293676244ac81c878fe5bd3e54b85e758c4754332c6b62d7303/shm
shm              64M     0   64M    0% /run/k3s/containerd/io.containerd.grpc.v1.cri/sandboxes/c2a962b9dedff55f8e32e596a84656a78fa331d4aac43fc98a316d3d10f72bf6/shm
shm              64M     0   64M    0% /run/k3s/containerd/io.containerd.grpc.v1.cri/sandboxes/3acb0881b2ee15c25c9f8b5efe825c86356b5538404378e60d8d36d702183983/shm
shm              64M     0   64M    0% /run/k3s/containerd/io.containerd.grpc.v1.cri/sandboxes/fd5c2c30f3c7971f1077f47bf51002d3bbc35339833825cbad37a2ab5ff99d19/shm
shm              64M     0   64M    0% /run/k3s/containerd/io.containerd.grpc.v1.cri/sandboxes/f25b446b8410c653a17ada3dd9b78a66fe195bfb333a16f752f59c1e8f708ed1/shm
shm              64M     0   64M    0% /run/k3s/containerd/io.containerd.grpc.v1.cri/sandboxes/dae8a68d559f5550e2ba6b9cd81a02c5a0152665d07ef37502f969c6bceb8431/shm
shm              64M     0   64M    0% /run/k3s/containerd/io.containerd.grpc.v1.cri/sandboxes/d60398374a1c79de1bc06c7b78930984907f0117c1a54dfd9e6f0fbeb69b6149/shm
shm              64M     0   64M    0% /run/k3s/containerd/io.containerd.grpc.v1.cri/sandboxes/89b16f87f542b639979a38dbc4f2b81336a06513f8939b1e2d453d27b7eabc0d/shm
shm              64M     0   64M    0% /run/k3s/containerd/io.containerd.grpc.v1.cri/sandboxes/516507457ac2ad75d89fc2aa188a8859e117ff586d8c3de301668969d13748ba/shm
shm              64M     0   64M    0% /run/k3s/containerd/io.containerd.grpc.v1.cri/sandboxes/7ee81cb6196b6232c2a2f2576ae5ea5a383e7249052bcb1f7305d2cd9b1b4f36/shm
shm              64M     0   64M    0% /run/k3s/containerd/io.containerd.grpc.v1.cri/sandboxes/a255afe175a54b011939adc21f894b84cc77402b9dde87116903d24c3e1a771a/shm
shm              64M     0   64M    0% /run/k3s/containerd/io.containerd.grpc.v1.cri/sandboxes/dc68ff3d68dc54d8e46924a8d5d5e3a1153bd9924c0a985bad224e67246ade3f/shm
shm              64M     0   64M    0% /run/k3s/containerd/io.containerd.grpc.v1.cri/sandboxes/b589ed46498234b0f8e18da05337a9cea15657a580bc45723b51353085979913/shm
shm              64M     0   64M    0% /run/k3s/containerd/io.containerd.grpc.v1.cri/sandboxes/6d1860fb3b548299967d2d4a7d966661ca2bf13f8db6bac5736a049c130336a9/shm
shm              64M     0   64M    0% /run/k3s/containerd/io.containerd.grpc.v1.cri/sandboxes/d14b0f9f5085c7b7ff2970029fc224bfcf4d8abfd6c2042db9a05fadb7cc05c3/shm
shm              64M     0   64M    0% /run/k3s/containerd/io.containerd.grpc.v1.cri/sandboxes/6368f3bfe6002b41f793af2ad52257e8e332615a20b28b18ca798cea3ef67e50/shm
shm              64M     0   64M    0% /run/k3s/containerd/io.containerd.grpc.v1.cri/sandboxes/a1acafbeb321348add755628a5ac72f22ee96aca3ab7420b2e74ff8a61afa516/shm
shm              64M     0   64M    0% /run/k3s/containerd/io.containerd.grpc.v1.cri/sandboxes/40c631e9f6970efb6daec2e60e1005385b50f22cac31a62951a37dddb9303424/shm
shm              64M     0   64M    0% /run/k3s/containerd/io.containerd.grpc.v1.cri/sandboxes/3be07a4475e6418f2ad6f6558455a4dd5e67708d22816303067614c808102232/shm
shm              64M     0   64M    0% /run/k3s/containerd/io.containerd.grpc.v1.cri/sandboxes/b6037c0d04ca81698e4d456f66b62b4dc80b2f6a233137a608c6d48cf42067a1/shm
shm              64M     0   64M    0% /run/k3s/containerd/io.containerd.grpc.v1.cri/sandboxes/054a1c8653b2f7f515d3574936a6a7041cd05cc3942a2062ee89715ba33049fe/shm
shm              64M     0   64M    0% /run/k3s/containerd/io.containerd.grpc.v1.cri/sandboxes/e9740e54792c255a094c60ec9c2bde9cfc0a5e305753a157cae8b40470adf7d3/shm
shm              64M     0   64M    0% /run/k3s/containerd/io.containerd.grpc.v1.cri/sandboxes/7b5bdd46b67cc858fc1e9701a47e0554142862c887b4b530a245ce1cefca0c1f/shm
shm              64M     0   64M    0% /run/k3s/containerd/io.containerd.grpc.v1.cri/sandboxes/3d0073b6229ddee0bd2ca947d5172dc47b15fbbf5024c6c1c83568f3cf526429/shm
shm              64M     0   64M    0% /run/k3s/containerd/io.containerd.grpc.v1.cri/sandboxes/dd44adc22c695f3841763aac8e0f61834b4d7e97f443bc807c684c943716aeac/shm
shm              64M     0   64M    0% /run/k3s/containerd/io.containerd.grpc.v1.cri/sandboxes/0b79253094de9d89a7d38b6db40700c16b89a58001d2ccbb7ffd710adb6e6703/shm
shm              64M     0   64M    0% /run/k3s/containerd/io.containerd.grpc.v1.cri/sandboxes/59942a9ac71bdf95cac04660f31db377c4e208fe44f6441b6c04ed6457f2469e/shm
shm              64M     0   64M    0% /run/k3s/containerd/io.containerd.grpc.v1.cri/sandboxes/2180331947ef6b9bff1e626fbf81409386fd8a0c43a1fdd9b66f18c23411a2de/shm
shm              64M     0   64M    0% /run/k3s/containerd/io.containerd.grpc.v1.cri/sandboxes/5db25f572de786a98031fe88ef22209f848f85d7201d6eb827fe781669a32556/shm
shm              64M     0   64M    0% /run/k3s/containerd/io.containerd.grpc.v1.cri/sandboxes/5fa3fc63114a09dc567dd6173362fddacd87f5011cafa8ca9d2abb47e027cba6/shm
shm              64M     0   64M    0% /run/k3s/containerd/io.containerd.grpc.v1.cri/sandboxes/5debb9a1f7c0715db8e64702b06f0faed1e4468e49627547120f0e9f566f54ae/shm
shm              64M     0   64M    0% /run/k3s/containerd/io.containerd.grpc.v1.cri/sandboxes/dbb452ec3c80ef9b77f3140d5d268d942d56b37f7680844a9144b4b3aab215b0/shm
shm              64M     0   64M    0% /run/k3s/containerd/io.containerd.grpc.v1.cri/sandboxes/726bd1199329b205149a623907107472cc9beb1d942df6857f501becf78be6df/shm
shm              64M     0   64M    0% /run/k3s/containerd/io.containerd.grpc.v1.cri/sandboxes/c2427c080028b3d119470fa3b8beebae17301b79239eaf2d9ccec336845261e0/shm
shm              64M     0   64M    0% /run/k3s/containerd/io.containerd.grpc.v1.cri/sandboxes/5946194195a0aaf6347ea9fd3183b2a114fe41f95660aa4b5ee5fd69be940770/shm
shm              64M     0   64M    0% /run/k3s/containerd/io.containerd.grpc.v1.cri/sandboxes/0bd02e7a2beb60293bafcdc9a6329448d9e1a751ddc329787c75055dc4da1620/shm
shm              64M     0   64M    0% /run/k3s/containerd/io.containerd.grpc.v1.cri/sandboxes/68a569dba91c36c39388b3791f62f0c6c80f04ffb60e8501760c5b6f4280b6d1/shm
shm              64M     0   64M    0% /run/k3s/containerd/io.containerd.grpc.v1.cri/sandboxes/ba40e69607f83e2c80c3a90cc2d9d0294873e4a01ce84dfbc3b57bf749107700/shm
shm              64M     0   64M    0% /run/k3s/containerd/io.containerd.grpc.v1.cri/sandboxes/f6ad18def855b9ce2af86b2d3315b3b42f37e5f1f043ffd53dbd3290ee58646e/shm
shm              64M     0   64M    0% /run/k3s/containerd/io.containerd.grpc.v1.cri/sandboxes/a0a21bfaf84818c1e6c1688714462ec076e3eabd393dbad6e3f6346a899583fc/shm
shm              64M     0   64M    0% /run/k3s/containerd/io.containerd.grpc.v1.cri/sandboxes/732c9974519ae0b1798b60c7bff6c5028797877b138934d2436c0694106d5c57/shm
shm              64M     0   64M    0% /run/k3s/containerd/io.containerd.grpc.v1.cri/sandboxes/87f18b999b67c9139880b7c5f222432bfcb3013caa5b768189aaa1b5ab65d377/shm
shm              64M     0   64M    0% /run/k3s/containerd/io.containerd.grpc.v1.cri/sandboxes/d2f2df841a420a3986a425dc30bc527a18a0224d55a2c013c8791b14e42a46e6/shm
shm              64M     0   64M    0% /run/k3s/containerd/io.containerd.grpc.v1.cri/sandboxes/5f7e3d5749fdc9944766a602e34f5e8d7ca60472296ea70cc620684dd7138b78/shm
shm              64M     0   64M    0% /run/k3s/containerd/io.containerd.grpc.v1.cri/sandboxes/0092fcd07ea4a963a5896012ffecb82be9bf05b28d65fca91c68e4206ddf24a1/shm
shm              64M     0   64M    0% /run/k3s/containerd/io.containerd.grpc.v1.cri/sandboxes/48e8ce67e076850f0332ae3176bd2c6338d0f224a153d29a12950d7ced65fa19/shm
shm              64M     0   64M    0% /run/k3s/containerd/io.containerd.grpc.v1.cri/sandboxes/363affbb48c777751b5d2f9982bdd6667a0fa4da9bea8f686dd1aca2d3af9b4a/shm
shm              64M     0   64M    0% /run/k3s/containerd/io.containerd.grpc.v1.cri/sandboxes/dc94fb370a055c72a6b271b2ec81a3fdffe4cf1cccc79396bbd5695ecd18355e/shm
shm              64M     0   64M    0% /run/k3s/containerd/io.containerd.grpc.v1.cri/sandboxes/1266a83a531f7ebe80009a4946dc28055dba9ac0a6b92845c28b0d9e191e29b1/shm
EXIT:0
