=== Launching 5.56 Full Curriculum Minimal Trainer (Reverse I→G→A + 5.56 Gold Curriculum) ===
Steps: 100 | Batch: 4 | d_model: 64
Stochastic Breadth: --enable_stochastic_breadth (ablation_zero=true)
Save dir: local_556_gstage_stoch_zero_real_fixed_20260527_1255
Resume: none
Gold path: --gold_path local_eval/642_adaptive_fine_tuned_200step/adaptive_phase2_checkpoint.pt
This launcher drives the full 5.56 Adaptive Rehearsal curriculum reconstruction
(scheduled decay 0.40→0.04 + attractor protection + gold structural bias + stochastic breadth).

Using python: /home/tripleyoung/qtrm-workspace/qtrm_multimodal_memoryos/.venv/bin/python
=== 5.56 Full Curriculum Minimal Trainer (with Checkpointing) ===
Steps: 100, Batch: 4, d_model: 64
Stochastic Breadth: True (ablation_zero=True)
Save dir: local_556_gstage_stoch_zero_real_fixed_20260527_1255
Gold path: local_eval/642_adaptive_fine_tuned_200step/adaptive_phase2_checkpoint.pt

[GoldProxy] Attempting real 642 gold load from: local_eval/642_adaptive_fine_tuned_200step/adaptive_phase2_checkpoint.pt
[GoldProxy] WARNING: real checkpoint loaded but no recognized gold/bos/latent key found.
             This run will use synthetic proxy. (Reverse I→G→A documented gap)
[GoldProxy] Using synthetic proxy (no real 642 gold inductive bias carried).
[Gold Handling] Real gold_path provided but extraction produced 1D proxy. Disabling injection for shape safety. Other 5.56 curriculum dynamics (decay, stochastic breadth, protection) remain fully active.
[   0/100] z_h_norm=124.7762  bind=0.400  gold_alpha=0.000  stoch_div=0.0000  gold_dist=0.000  drift=0.0000
[  10/100] z_h_norm=124.4389  bind=0.364  gold_alpha=0.000  stoch_div=0.0000  gold_dist=0.000  drift=0.4821
[  20/100] z_h_norm=124.8122  bind=0.328  gold_alpha=0.000  stoch_div=0.0000  gold_dist=0.000  drift=0.5967
[  30/100] z_h_norm=124.4358  bind=0.292  gold_alpha=0.000  stoch_div=0.0000  gold_dist=0.000  drift=0.0108
[  40/100] z_h_norm=124.1316  bind=0.256  gold_alpha=0.000  stoch_div=0.0000  gold_dist=0.000  drift=0.4263
[  50/100] z_h_norm=124.4619  bind=0.220  gold_alpha=0.000  stoch_div=0.0000  gold_dist=0.000  drift=0.6153
[  60/100] z_h_norm=124.1398  bind=0.184  gold_alpha=0.000  stoch_div=0.0000  gold_dist=0.000  drift=1.2971
[  70/100] z_h_norm=124.8732  bind=0.148  gold_alpha=0.000  stoch_div=0.0000  gold_dist=0.000  drift=0.2808
[  80/100] z_h_norm=125.1098  bind=0.112  gold_alpha=0.000  stoch_div=0.0000  gold_dist=0.000  drift=0.4038
[  90/100] z_h_norm=125.3900  bind=0.076  gold_alpha=0.000  stoch_div=0.0000  gold_dist=0.000  drift=0.2289
[  99/100] z_h_norm=124.7540  bind=0.044  gold_alpha=0.000  stoch_div=0.0000  gold_dist=0.000  drift=0.2078

Run finished. Checkpoints saved to: local_556_gstage_stoch_zero_real_fixed_20260527_1255
Best checkpoint metric (min drift): 0.0000
Artifacts: best.pt, last.pt, metrics.json, config.json
5.56 curriculum metrics in metrics.json: bind_weight, gold_alpha_effective, attractor_protection_active,
  stochastic_diversity (Reverse I→G→A breadth), gold_dist, state_stability_proxy

Run finished. Artifacts in: local_556_gstage_stoch_zero_real_fixed_20260527_1255
  - best.pt / last.pt
  - metrics.json   (now contains 5.56 curriculum metrics: bind_weight, stochastic_diversity, gold_dist, ...)
  - config.json

To reproduce a real 642 gold run (recommended next):
  bash scripts/launch_556_local_smoke.sh --steps 200 --enable_stochastic_breadth \
      --gold_path local_eval/642_adaptive_fine_tuned_200step/adaptive_phase2_checkpoint.pt
