
================================================================================
PIVOT SAFETY WARNING: Inductive biases missing from primary One-Body path
================================================================================

  Component: state_transition_core
  active_in_primary_onebody_path = False
  Note: Reusable GRAM/PTRM-style state transition core family (legacy implementation). Provides the original stochastic recurrent breadth inductive bias (true_gram prior/posterior sampling + high-level guidance) that contributed to historical 5.53~5.56 signals. See Historical Signal Reconstruction: docs/wik...
  → Any SSOT requiring executable ablations on this bias is currently unfulfillable.

  See: docs/wiki/process/pivot-safety-and-inductive-bias-preservation.md
================================================================================

[Logging] Direct run log at checkpoints/hybrid_ri4_82m_v1.1_long_horizon_400_202606/run.log (in addition to stdout + TB)
========================================================================
RI-4 HYBRID REAL CONTINUATION (A-Mode Most-Deficient move)
  Horizon: 400 steps | d_model=384
  Gold: local_eval/642_adaptive_fine_tuned_200step/adaptive_phase2_checkpoint.pt
  RI-4 ablations: slots_off=False, persistence_off=False
========================================================================
>>> ARCHITECTURE: v1.1 (Hybrid RI-4 + FULL v0.5 5.56 Curriculum Rehearsal as PRIMARY)
    full_curriculum_rehearsal_step + rolling buffer + decay-scaled gold injection + protection_during_rehearsal=0.7
    (This is the architecture modification that was required alongside the accuracy cycle.)
[HybridBlock] Using official FLA MultiheadLatentAttention (MLA)
[HybridBlock] Using official FLA MultiheadLatentAttention (MLA)
[HybridBlock] Using official FLA MultiheadLatentAttention (MLA)
[HybridBlock] Using official FLA MultiheadLatentAttention (MLA)
[v0.5 Curriculum Restoration] PRIMARY PATH: full_curriculum_rehearsal_step (decay + protection + gold injection + buffer selection) for gold_structured mode
[RI-4 Selectivity] Router temperature=1.0 gumbel_std=0.0
[Gold] Loading real 642 gold from: local_eval/642_adaptive_fine_tuned_200step/adaptive_phase2_checkpoint.pt
[Gold] Real 642 gold successfully prepared for d_model=384
[C-Track] TensorBoard enabled at checkpoints/hybrid_ri4_82m_v1.1_long_horizon_400_202606/tb (train_loss + eval_loss + Heldout/*_acc)
[B+C-Track] Periodic real heldout accuracy probe ACTIVE every 3 steps (max_cases=8) on reasoning + memory 72.jsonl
[Checkpoint] saved checkpoints/hybrid_ri4_82m_v1.1_long_horizon_400_202606/hybrid_ri4_cont_step30.pt
step 40/400 | train_loss=0.055420 | eval_loss=0.037842
[Checkpoint] saved checkpoints/hybrid_ri4_82m_v1.1_long_horizon_400_202606/hybrid_ri4_cont_step60.pt
step 80/400 | train_loss=0.028809 | eval_loss=0.036865
[Checkpoint] saved checkpoints/hybrid_ri4_82m_v1.1_long_horizon_400_202606/hybrid_ri4_cont_step90.pt
step 100/400 | norm=8.250
step 120/400 | train_loss=0.033447 | eval_loss=0.035889 | reasoning_heldout=1/8(0.12) memory_heldout=3/8(0.38)
[Checkpoint] saved checkpoints/hybrid_ri4_82m_v1.1_long_horizon_400_202606/hybrid_ri4_cont_step120.pt
[Checkpoint] saved checkpoints/hybrid_ri4_82m_v1.1_long_horizon_400_202606/hybrid_ri4_cont_step150.pt
step 160/400 | train_loss=0.035645 | eval_loss=0.034668
[Checkpoint] saved checkpoints/hybrid_ri4_82m_v1.1_long_horizon_400_202606/hybrid_ri4_cont_step180.pt
step 200/400 | train_loss=0.025757 | eval_loss=0.033691
step 200/400 | norm=6.406
[Checkpoint] saved checkpoints/hybrid_ri4_82m_v1.1_long_horizon_400_202606/hybrid_ri4_cont_step210.pt
step 240/400 | train_loss=0.019409 | eval_loss=0.033447 | reasoning_heldout=1/8(0.12) memory_heldout=3/8(0.38)
[Checkpoint] saved checkpoints/hybrid_ri4_82m_v1.1_long_horizon_400_202606/hybrid_ri4_cont_step240.pt
[Checkpoint] saved checkpoints/hybrid_ri4_82m_v1.1_long_horizon_400_202606/hybrid_ri4_cont_step270.pt
step 280/400 | train_loss=0.026733 | eval_loss=0.032471
step 300/400 | norm=4.469
[Checkpoint] saved checkpoints/hybrid_ri4_82m_v1.1_long_horizon_400_202606/hybrid_ri4_cont_step300.pt
step 320/400 | train_loss=0.031982 | eval_loss=0.032715
[Checkpoint] saved checkpoints/hybrid_ri4_82m_v1.1_long_horizon_400_202606/hybrid_ri4_cont_step330.pt
step 360/400 | train_loss=0.010193 | eval_loss=0.032471 | reasoning_heldout=1/8(0.12) memory_heldout=3/8(0.38)
[Checkpoint] saved checkpoints/hybrid_ri4_82m_v1.1_long_horizon_400_202606/hybrid_ri4_cont_step360.pt
[Checkpoint] saved checkpoints/hybrid_ri4_82m_v1.1_long_horizon_400_202606/hybrid_ri4_cont_step390.pt
step 400/400 | train_loss=0.003525 | eval_loss=0.032227
step 400/400 | norm=2.422

Continuation smoke complete. Substrate is now exercisable in a checkpointed loop.
Next: wire real data + full optimizer + 192-style gates on these checkpoints. Parallel Fast-Falsification batch active. (User order: positive until it appears)
[C-Track] TensorBoard flushed+closed. Logs at: checkpoints/hybrid_ri4_82m_v1.1_long_horizon_400_202606/tb  (tensorboard --logdir checkpoints/hybrid_ri4_82m_v1.1_long_horizon_400_202606/tb)
