Device: cuda
=== 5xx Pure-Core Loss Dynamics Probe (HARD synthetic — faithful to 500 era) ===
 Step |    Total |  StateCE |   AnsCE |    Mono
-------------------------------------------------------
Using hard families: chain5 (real 5-op), checksum4, select_pair — non-trivial state targets
    0 |    4.383 |    2.303 |   2.303 |  0.0800
    1 |    4.389 |    2.306 |   2.306 |  0.0810
    2 |    4.373 |    2.301 |   2.294 |  0.0799
    3 |    4.374 |    2.299 |   2.296 |  0.0787
    4 |    4.381 |    2.301 |   2.302 |  0.0828
    5 |    4.411 |    2.311 |   2.324 |  0.0869
    6 |    4.413 |    2.309 |   2.329 |  0.0861
    7 |    4.348 |    2.291 |   2.276 |  0.0752
    8 |    4.393 |    2.310 |   2.306 |  0.0807
    9 |    4.394 |    2.307 |   2.310 |  0.0813
   10 |    4.457 |    2.327 |   2.357 |  0.0875
   11 |    4.374 |    2.302 |   2.293 |  0.0791
   12 |    4.375 |    2.296 |   2.301 |  0.0824
   13 |    4.409 |    2.311 |   2.323 |  0.0782
   14 |    4.399 |    2.310 |   2.313 |  0.0735
   15 |    4.431 |    2.319 |   2.337 |  0.0825
   20 |    4.365 |    2.295 |   2.293 |  0.0689
   25 |    4.403 |    2.305 |   2.322 |  0.0743
   30 |    4.389 |    2.306 |   2.307 |  0.0702
   35 |    4.413 |    2.317 |   2.322 |  0.0646
   40 |    4.482 |    2.339 |   2.374 |  0.0674
   45 |    4.388 |    2.304 |   2.310 |  0.0580
   50 |    4.352 |    2.293 |   2.282 |  0.0499
   55 |    4.371 |    2.302 |   2.294 |  0.0521
   60 |    4.381 |    2.301 |   2.306 |  0.0519
   65 |    4.318 |    2.285 |   2.254 |  0.0406
   70 |    4.424 |    2.314 |   2.339 |  0.0465
   75 |    4.430 |    2.318 |   2.341 |  0.0507
   80 |    4.418 |    2.321 |   2.325 |  0.0438
   85 |    4.422 |    2.315 |   2.336 |  0.0435
   90 |    4.386 |    2.312 |   2.300 |  0.0363
   95 |    4.354 |    2.297 |   2.282 |  0.0320
  100 |    4.407 |    2.313 |   2.324 |  0.0364
  105 |    4.455 |    2.329 |   2.358 |  0.0376
  110 |    4.400 |    2.312 |   2.316 |  0.0333
  115 |    4.354 |    2.293 |   2.288 |  0.0231
  119 |    4.320 |    2.281 |   2.263 |  0.0169

=======================================================
5xx HARD SYNTHETIC LOSS DYNAMICS SUMMARY
  Steps     : 120
  Start loss: 4.383
  Min loss  : 4.309
  End loss  : 4.320
  Total drop: 0.074
  First 15  : [4.383, 4.389, 4.373, 4.374, 4.381, 4.411, 4.413, 4.348, 4.393, 4.394, 4.457, 4.374, 4.375, 4.409, 4.399]
  Last 15   : [4.455, 4.444, 4.468, 4.377, 4.373, 4.4, 4.401, 4.404, 4.344, 4.38, 4.354, 4.358, 4.365, 4.386, 4.32]
=======================================================

Saved probe checkpoint to checkpoints/5xx_loss_dynamics_probe/5xx_core_probe_last.pt
TensorBoard: tensorboard --logdir checkpoints/5xx_loss_dynamics_probe/tb
