Device: cuda
=== 5xx Pure-Core Loss Dynamics Probe (HARD + REAL GOLD) ===
Loaded 32 real gold cases from data/filtered/pure_recursive_full_state_sequence_train_cases.jsonl
 Step |    Total |  StateCE |   AnsCE |    Mono
-------------------------------------------------------
Hard synthetic + real gold = 32 cases (if >0)
    0 |    4.272 |    2.303 |   2.303 |  0.1000  [REAL]
    1 |    4.230 |    2.283 |   2.277 |  0.0974  [REAL]
    2 |    4.203 |    2.269 |   2.261 |  0.0947  [REAL]
    3 |    4.295 |    2.310 |   2.322 |  0.1025  [SYN]
    4 |    4.161 |    2.250 |   2.236 |  0.0883  [REAL]
    5 |    4.183 |    2.276 |   2.232 |  0.0867  [SYN]
    6 |    4.096 |    2.211 |   2.206 |  0.0825  [REAL]
    7 |    4.087 |    2.212 |   2.194 |  0.0839  [REAL]
    8 |    4.068 |    2.188 |   2.202 |  0.0765  [REAL]
    9 |    4.002 |    2.168 |   2.147 |  0.0728  [REAL]
   10 |    3.962 |    2.134 |   2.141 |  0.0678  [REAL]
   11 |    3.910 |    2.106 |   2.112 |  0.0720  [REAL]
   12 |    3.906 |    2.099 |   2.116 |  0.0685  [REAL]
   16 |    3.868 |    2.067 |   2.109 |  0.0717  [REAL]
   20 |    3.753 |    1.960 |   2.098 |  0.0752  [REAL]
   24 |    3.923 |    2.038 |   2.206 |  0.0851  [REAL]
   28 |    3.792 |    1.996 |   2.101 |  0.0793  [REAL]
   32 |    3.776 |    1.967 |   2.117 |  0.0879  [REAL]
   36 |    3.923 |    2.042 |   2.198 |  0.1102  [REAL]
   40 |    3.621 |    1.842 |   2.079 |  0.0934  [REAL]
   44 |    3.736 |    1.952 |   2.080 |  0.1334  [REAL]
   48 |    3.946 |    1.993 |   2.280 |  0.1209  [REAL]
   52 |    3.567 |    1.851 |   2.000 |  0.1342  [REAL]
   56 |    3.515 |    1.798 |   2.004 |  0.1183  [REAL]
   60 |    3.837 |    1.940 |   2.213 |  0.1319  [REAL]
   64 |    3.716 |    1.916 |   2.097 |  0.1491  [REAL]
   68 |    3.659 |    1.897 |   2.047 |  0.1846  [REAL]
   72 |    3.826 |    1.920 |   2.222 |  0.1452  [REAL]
   76 |    3.741 |    1.886 |   2.150 |  0.2265  [REAL]
   80 |    3.552 |    1.774 |   2.063 |  0.2013  [REAL]
   84 |    3.761 |    1.946 |   2.106 |  0.2035  [REAL]
   88 |    3.633 |    1.817 |   2.106 |  0.2123  [REAL]
   92 |    3.716 |    1.862 |   2.157 |  0.1693  [REAL]
   96 |    3.557 |    1.743 |   2.108 |  0.1855  [REAL]
  100 |    3.534 |    1.750 |   2.071 |  0.1928  [REAL]
  104 |    3.505 |    1.813 |   1.961 |  0.2083  [REAL]
  108 |    3.703 |    1.903 |   2.089 |  0.2066  [REAL]
  112 |    3.575 |    1.803 |   2.049 |  0.2514  [REAL]
  116 |    3.631 |    1.837 |   2.081 |  0.2043  [REAL]
  120 |    3.420 |    1.703 |   1.988 |  0.2271  [REAL]
  124 |    3.814 |    1.932 |   2.188 |  0.1834  [REAL]
  128 |    3.520 |    1.729 |   2.077 |  0.2150  [REAL]
  132 |    3.636 |    1.798 |   2.139 |  0.1706  [REAL]
  136 |    3.559 |    1.813 |   2.025 |  0.2047  [REAL]
  140 |    3.610 |    1.837 |   2.059 |  0.1957  [REAL]
  144 |    3.546 |    1.736 |   2.103 |  0.1843  [REAL]
  148 |    3.473 |    1.745 |   2.008 |  0.1765  [REAL]
  149 |    3.629 |    1.806 |   2.119 |  0.1801  [REAL]

=======================================================
5xx (HARD SYN + REAL GOLD) LOSS DYNAMICS
  Steps     : 150
  Real gold : 32 cases loaded
  Start     : 4.272
  Min       : 3.420
  End       : 3.629
  Drop      : 0.852
  First 12  : [4.272, 4.23, 4.203, 4.295, 4.161, 4.183, 4.096, 4.087, 4.068, 4.002, 3.962, 3.91]
  Last 12   : [3.591, 4.74, 3.61, 3.621, 3.633, 3.644, 3.546, 3.912, 3.572, 3.609, 3.473, 3.629]
=======================================================
Saved: checkpoints/5xx_loss_dynamics_probe/5xx_core_probe_last.pt
TensorBoard: tensorboard --logdir checkpoints/5xx_loss_dynamics_probe/tb
