Device: cuda
=== 5xx Pure-Core Loss Dynamics Probe (HARD + REAL GOLD) ===
Loaded 600 real gold cases from 3 files
 Step |    Total |  StateCE |   AnsCE |    Mono
-------------------------------------------------------
Hard synthetic + real gold = 600 cases (if >0)
    0 |    4.272 |    2.303 |   2.303 |  0.1000  [REAL]
    1 |    4.254 |    2.295 |   2.290 |  0.1002  [REAL]
    2 |    4.245 |    2.290 |   2.287 |  0.1011  [REAL]
    3 |    4.219 |    2.284 |   2.263 |  0.0977  [SYN]
    4 |    4.252 |    2.295 |   2.288 |  0.0973  [REAL]
    5 |    4.175 |    2.256 |   2.245 |  0.0974  [REAL]
    6 |    4.236 |    2.283 |   2.283 |  0.1001  [REAL]
    7 |    4.282 |    2.305 |   2.311 |  0.1055  [REAL]
    8 |    4.166 |    2.254 |   2.236 |  0.0967  [REAL]
    9 |    4.091 |    2.221 |   2.187 |  0.0888  [REAL]
   10 |    4.205 |    2.269 |   2.265 |  0.0932  [REAL]
   11 |    4.133 |    2.238 |   2.216 |  0.0876  [REAL]
   12 |    4.205 |    2.272 |   2.260 |  0.0914  [REAL]
   16 |    3.918 |    2.145 |   2.076 |  0.0725  [REAL]
   20 |    4.101 |    2.223 |   2.197 |  0.0783  [REAL]
   24 |    4.145 |    2.225 |   2.246 |  0.0882  [REAL]
   28 |    4.106 |    2.208 |   2.221 |  0.0813  [REAL]
   32 |    4.232 |    2.270 |   2.294 |  0.0982  [REAL]
   36 |    3.951 |    2.126 |   2.132 |  0.1112  [REAL]
   40 |    4.112 |    2.196 |   2.240 |  0.0980  [REAL]
   44 |    4.090 |    2.210 |   2.200 |  0.0851  [REAL]
   48 |    3.925 |    2.132 |   2.098 |  0.0821  [REAL]
   52 |    4.309 |    2.299 |   2.351 |  0.0975  [REAL]
   56 |    4.253 |    2.278 |   2.312 |  0.0830  [REAL]
   60 |    4.288 |    2.288 |   2.340 |  0.0905  [REAL]
   64 |    4.167 |    2.208 |   2.292 |  0.0865  [REAL]
   68 |    4.147 |    2.245 |   2.228 |  0.0726  [REAL]
   72 |    4.047 |    2.194 |   2.170 |  0.0741  [REAL]
   76 |    3.888 |    2.087 |   2.108 |  0.0715  [REAL]
   80 |    3.871 |    2.096 |   2.078 |  0.0649  [REAL]
   84 |    4.203 |    2.220 |   2.320 |  0.0851  [REAL]
   88 |    4.149 |    2.225 |   2.253 |  0.0750  [REAL]
   92 |    4.249 |    2.240 |   2.350 |  0.0984  [REAL]
   96 |    4.077 |    2.185 |   2.214 |  0.0746  [REAL]
  100 |    4.078 |    2.183 |   2.217 |  0.0849  [REAL]
  104 |    3.882 |    2.103 |   2.084 |  0.0610  [REAL]
  108 |    4.061 |    2.197 |   2.186 |  0.0483  [REAL]
  112 |    4.139 |    2.228 |   2.240 |  0.0620  [REAL]
  116 |    4.113 |    2.214 |   2.227 |  0.0575  [REAL]
  120 |    3.989 |    2.161 |   2.140 |  0.0729  [REAL]
  124 |    4.031 |    2.169 |   2.181 |  0.0711  [REAL]
  128 |    4.241 |    2.274 |   2.303 |  0.0777  [REAL]
  132 |    3.957 |    2.142 |   2.127 |  0.0635  [REAL]
  136 |    3.997 |    2.169 |   2.143 |  0.0532  [REAL]
  140 |    3.885 |    2.086 |   2.109 |  0.0558  [REAL]
  144 |    4.091 |    2.211 |   2.203 |  0.0619  [REAL]
  148 |    4.104 |    2.215 |   2.215 |  0.0603  [REAL]
  152 |    4.145 |    2.262 |   2.207 |  0.0617  [REAL]
  156 |    3.860 |    2.085 |   2.080 |  0.0600  [REAL]
  159 |    3.858 |    2.109 |   2.051 |  0.0446  [REAL]

=======================================================
5xx (HARD SYN + REAL GOLD) LOSS DYNAMICS
  Steps     : 160
  Real gold : 600 cases loaded
  Start     : 4.272
  Min       : 3.813
  End       : 3.858
  Drop      : 0.458
  First 12  : [4.272, 4.254, 4.245, 4.219, 4.252, 4.175, 4.236, 4.282, 4.166, 4.091, 4.205, 4.133]
  Last 12   : [4.104, 4.051, 4.119, 4.183, 4.145, 3.927, 4.009, 4.082, 3.86, 4.045, 4.056, 3.858]
=======================================================
Saved: checkpoints/5xx_loss_dynamics_probe/5xx_core_probe_last.pt
TensorBoard: tensorboard --logdir checkpoints/5xx_loss_dynamics_probe/tb
