Device: cuda
=== 5xx Pure-Core Loss Dynamics Probe (HARD + REAL GOLD) ===
Loaded 800 real gold cases from 7 files
 Step |    Total |  StateCE |   AnsCE |    Mono
-------------------------------------------------------
Hard synthetic + real gold = 800 cases (if >0)
    0 |    4.272 |    2.303 |   2.303 |  0.1000  [REAL]
    1 |    4.283 |    2.303 |   2.315 |  0.0999  [REAL]
    2 |    4.284 |    2.300 |   2.320 |  0.1014  [REAL]
    3 |    4.256 |    2.296 |   2.292 |  0.0966  [SYN]
    4 |    4.268 |    2.293 |   2.309 |  0.0983  [REAL]
    5 |    4.237 |    2.287 |   2.280 |  0.0951  [REAL]
    6 |    4.284 |    2.285 |   2.337 |  0.1031  [REAL]
    7 |    4.253 |    2.294 |   2.291 |  0.0933  [REAL]
    8 |    4.246 |    2.273 |   2.307 |  0.0985  [REAL]
    9 |    4.198 |    2.275 |   2.249 |  0.0916  [REAL]
   10 |    4.213 |    2.281 |   2.259 |  0.0896  [REAL]
   11 |    4.221 |    2.275 |   2.276 |  0.0943  [REAL]
   12 |    4.255 |    2.299 |   2.289 |  0.0883  [REAL]
   16 |    4.189 |    2.242 |   2.278 |  0.0873  [REAL]
   20 |    4.208 |    2.253 |   2.287 |  0.0848  [REAL]
   24 |    4.143 |    2.236 |   2.231 |  0.0853  [REAL]
   28 |    4.195 |    2.272 |   2.251 |  0.0827  [REAL]
   32 |    4.228 |    2.273 |   2.288 |  0.0846  [REAL]
   36 |    4.167 |    2.248 |   2.247 |  0.0796  [REAL]
   40 |    4.157 |    2.257 |   2.224 |  0.0780  [REAL]
   44 |    4.170 |    2.250 |   2.248 |  0.0799  [REAL]
   48 |    4.262 |    2.294 |   2.304 |  0.0795  [REAL]
   52 |    4.227 |    2.271 |   2.291 |  0.0711  [REAL]
   56 |    4.265 |    2.306 |   2.293 |  0.0772  [REAL]
   60 |    4.183 |    2.303 |   2.201 |  0.0741  [REAL]
   64 |    4.233 |    2.274 |   2.295 |  0.0715  [REAL]
   68 |    4.135 |    2.260 |   2.197 |  0.0712  [REAL]
   72 |    4.270 |    2.281 |   2.330 |  0.0723  [REAL]
   76 |    4.223 |    2.278 |   2.278 |  0.0690  [REAL]
   80 |    4.206 |    2.295 |   2.237 |  0.0697  [REAL]
   84 |    4.130 |    2.242 |   2.211 |  0.0678  [REAL]
   88 |    4.216 |    2.261 |   2.290 |  0.0710  [REAL]
   92 |    4.286 |    2.293 |   2.333 |  0.0824  [REAL]
   96 |    4.270 |    2.296 |   2.313 |  0.0702  [REAL]
  100 |    4.160 |    2.260 |   2.226 |  0.0606  [REAL]
  104 |    4.288 |    2.299 |   2.328 |  0.0844  [REAL]
  108 |    4.171 |    2.249 |   2.252 |  0.0642  [REAL]
  112 |    4.219 |    2.282 |   2.271 |  0.0582  [REAL]
  116 |    4.239 |    2.289 |   2.284 |  0.0700  [REAL]
  120 |    4.205 |    2.269 |   2.270 |  0.0646  [REAL]
  124 |    4.177 |    2.268 |   2.237 |  0.0604  [REAL]
  128 |    4.211 |    2.264 |   2.281 |  0.0659  [REAL]
  132 |    4.210 |    2.246 |   2.301 |  0.0703  [REAL]
  136 |    4.210 |    2.280 |   2.260 |  0.0692  [REAL]
  140 |    4.252 |    2.273 |   2.318 |  0.0710  [REAL]
  144 |    4.153 |    2.239 |   2.244 |  0.0569  [REAL]
  148 |    4.179 |    2.236 |   2.275 |  0.0719  [REAL]
  152 |    4.191 |    2.240 |   2.287 |  0.0644  [REAL]
  156 |    4.237 |    2.296 |   2.274 |  0.0643  [REAL]
  160 |    4.140 |    2.268 |   2.193 |  0.0665  [REAL]
  164 |    4.161 |    2.236 |   2.257 |  0.0565  [REAL]
  168 |    4.271 |    2.282 |   2.332 |  0.0636  [REAL]
  172 |    4.208 |    2.247 |   2.300 |  0.0537  [REAL]
  176 |    4.104 |    2.235 |   2.190 |  0.0655  [REAL]
  179 |    4.083 |    2.212 |   2.194 |  0.0463  [REAL]

=======================================================
5xx (HARD SYN + REAL GOLD) LOSS DYNAMICS
  Steps     : 180
  Real gold : 800 cases loaded
  Start     : 4.272
  Min       : 4.083
  End       : 4.083
  Drop      : 0.189
  First 12  : [4.272, 4.283, 4.284, 4.256, 4.268, 4.237, 4.284, 4.253, 4.246, 4.198, 4.213, 4.221]
  Last 12   : [4.271, 4.182, 4.262, 4.438, 4.208, 4.193, 4.267, 4.372, 4.104, 4.229, 4.15, 4.083]
=======================================================
Saved: checkpoints/5xx_loss_dynamics_probe/5xx_core_probe_last.pt
TensorBoard: tensorboard --logdir checkpoints/5xx_loss_dynamics_probe/tb
