=== Measuring M1 ON vs M1 OFF scaling (fastest causal evidence) ===

=== Depth 1 - M1 ON ===

========================================================================
REASONING TEST PRINCIPLES GATE  (항상 실행되는 원칙 검증)
========================================================================
timestamp: 2026-05-28 13:09:51
phase: start
benchmark: pure_recursive_reasoning_heldout_72
conditions-matched: partial_synthetic_base
strict_b (pure_72, no-evidence): YES
one_body_causal_path: YES
GRAM/PTRM restoration live: stochastic_breadth=ON in forward path, gated_equation_binding readback=ON (z_h injection)
Answer Attractor depth behavior measured: NO / NOT PROVIDED
Three historical tracks (Workspaces + Attractor + Provenance): Workspaces (importance selector), Answer Attractor (depth-wise monotonic), Provenance (Graph + WorldModel + Gated Register), → PROPER PORTING ACTIVE (default in main RI-4 trainer)
ablation_matrix fully reported: NO
honest labeling present: YES
checkpoint: experiments/ri1_m1_ablation/m1_on/hybrid_ri4_cont_step36.pt

VERDICT: PARTIAL (see issues)

RECOMMENDATIONS:
  - Honest I-stage / partial / synthetic labeling present — good.
========================================================================

[PRINCIPLE GATE] Report written: PRINCIPLES_GATE_START_1779941391.json
Loaded 72 cases from pure_72

================================================================================
PIVOT SAFETY WARNING: Inductive biases missing from primary One-Body path
================================================================================

  Component: state_transition_core
  active_in_primary_onebody_path = False
  Note: Reusable GRAM/PTRM-style state transition core family (legacy implementation). Provides the original stochastic recurrent breadth inductive bias (true_gram prior/posterior sampling + high-level guidance) that contributed to historical 5.53~5.56 signals. See Historical Signal Reconstruction: docs/wik...
  → Any SSOT requiring executable ablations on this bias is currently unfulfillable.

  See: docs/wiki/process/pivot-safety-and-inductive-bias-preservation.md
================================================================================

[WARN] Unexpected keys ignored when loading: ['model', 'router', 'step', 'config', 'slots', 'internal_ri4_primary', 'decoupled_bank', 'use_decoupled_memory_bank']

=== Accuracy on pure_72 ===
Correct: 25 / 72
Accuracy: 34.72%

[Attractor Depth Behavior Diagnostic]
  Attractor was enabled during this run.
  Note: Full depth-wise monotonic improvement measurement requires
  running the core at multiple recurrent depths on the same cases.
  Current proxy scoring does not yet capture per-depth gold margin.

========================================================================
REASONING TEST PRINCIPLES GATE  (항상 실행되는 원칙 검증)
========================================================================
timestamp: 2026-05-28 13:09:53
phase: end
benchmark: pure_recursive_reasoning_heldout_72
conditions-matched: partial_synthetic_base
strict_b (pure_72, no-evidence): YES
one_body_causal_path: YES
GRAM/PTRM restoration live: stochastic_breadth=ON in forward path, gated_equation_binding readback=ON (z_h injection)
Answer Attractor depth behavior measured: NO / NOT PROVIDED
Three historical tracks (Workspaces + Attractor + Provenance): Workspaces (importance selector), Answer Attractor (depth-wise monotonic), Provenance (Graph + WorldModel + Gated Register), → PROPER PORTING ACTIVE (default in main RI-4 trainer)
ablation_matrix fully reported: NO
honest labeling present: YES
reported_accuracy: 25/72 (34.72%)
checkpoint: experiments/ri1_m1_ablation/m1_on/hybrid_ri4_cont_step36.pt

VERDICT: PARTIAL (see issues)

RECOMMENDATIONS:
  - Honest I-stage / partial / synthetic labeling present — good.
========================================================================

[PRINCIPLE GATE] Report written: PRINCIPLES_GATE_END_1779941393.json

=== Depth 1 - M1 OFF (ablation) ===

========================================================================
REASONING TEST PRINCIPLES GATE  (항상 실행되는 원칙 검증)
========================================================================
timestamp: 2026-05-28 13:09:54
phase: start
benchmark: pure_recursive_reasoning_heldout_72
conditions-matched: partial_synthetic_base
strict_b (pure_72, no-evidence): YES
one_body_causal_path: YES
GRAM/PTRM restoration live: stochastic_breadth=ON in forward path, gated_equation_binding readback=ON (z_h injection)
Answer Attractor depth behavior measured: NO / NOT PROVIDED
Three historical tracks (Workspaces + Attractor + Provenance): Workspaces (importance selector), Answer Attractor (depth-wise monotonic), Provenance (Graph + WorldModel + Gated Register), → PROPER PORTING ACTIVE (default in main RI-4 trainer)
ablation_matrix fully reported: NO
honest labeling present: YES
checkpoint: experiments/ri1_m1_ablation/m1_off/hybrid_ri4_cont_step36.pt

VERDICT: PARTIAL (see issues)

RECOMMENDATIONS:
  - Honest I-stage / partial / synthetic labeling present — good.
========================================================================

[PRINCIPLE GATE] Report written: PRINCIPLES_GATE_START_1779941394.json
Loaded 72 cases from pure_72

================================================================================
PIVOT SAFETY WARNING: Inductive biases missing from primary One-Body path
================================================================================

  Component: state_transition_core
  active_in_primary_onebody_path = False
  Note: Reusable GRAM/PTRM-style state transition core family (legacy implementation). Provides the original stochastic recurrent breadth inductive bias (true_gram prior/posterior sampling + high-level guidance) that contributed to historical 5.53~5.56 signals. See Historical Signal Reconstruction: docs/wik...
  → Any SSOT requiring executable ablations on this bias is currently unfulfillable.

  See: docs/wiki/process/pivot-safety-and-inductive-bias-preservation.md
================================================================================

[WARN] Unexpected keys ignored when loading: ['model', 'router', 'step', 'config', 'slots', 'internal_ri4_primary', 'decoupled_bank', 'use_decoupled_memory_bank']

=== Accuracy on pure_72 ===
Correct: 20 / 72
Accuracy: 27.78%

[Attractor Depth Behavior Diagnostic]
  Attractor was enabled during this run.
  Note: Full depth-wise monotonic improvement measurement requires
  running the core at multiple recurrent depths on the same cases.
  Current proxy scoring does not yet capture per-depth gold margin.

========================================================================
REASONING TEST PRINCIPLES GATE  (항상 실행되는 원칙 검증)
========================================================================
timestamp: 2026-05-28 13:09:55
phase: end
benchmark: pure_recursive_reasoning_heldout_72
conditions-matched: partial_synthetic_base
strict_b (pure_72, no-evidence): YES
one_body_causal_path: YES
GRAM/PTRM restoration live: stochastic_breadth=ON in forward path, gated_equation_binding readback=ON (z_h injection)
Answer Attractor depth behavior measured: NO / NOT PROVIDED
Three historical tracks (Workspaces + Attractor + Provenance): Workspaces (importance selector), Answer Attractor (depth-wise monotonic), Provenance (Graph + WorldModel + Gated Register), → PROPER PORTING ACTIVE (default in main RI-4 trainer)
ablation_matrix fully reported: NO
honest labeling present: YES
reported_accuracy: 20/72 (27.78%)
checkpoint: experiments/ri1_m1_ablation/m1_off/hybrid_ri4_cont_step36.pt

VERDICT: PARTIAL (see issues)

RECOMMENDATIONS:
  - Honest I-stage / partial / synthetic labeling present — good.
========================================================================

[PRINCIPLE GATE] Report written: PRINCIPLES_GATE_END_1779941395.json

=== Depth 4 - M1 ON ===

========================================================================
REASONING TEST PRINCIPLES GATE  (항상 실행되는 원칙 검증)
========================================================================
timestamp: 2026-05-28 13:09:56
phase: start
benchmark: pure_recursive_reasoning_heldout_72
conditions-matched: partial_synthetic_base
strict_b (pure_72, no-evidence): YES
one_body_causal_path: YES
GRAM/PTRM restoration live: stochastic_breadth=ON in forward path, gated_equation_binding readback=ON (z_h injection)
Answer Attractor depth behavior measured: NO / NOT PROVIDED
Three historical tracks (Workspaces + Attractor + Provenance): Workspaces (importance selector), Answer Attractor (depth-wise monotonic), Provenance (Graph + WorldModel + Gated Register), → PROPER PORTING ACTIVE (default in main RI-4 trainer)
ablation_matrix fully reported: NO
honest labeling present: YES
checkpoint: experiments/ri1_m1_ablation/m1_on/hybrid_ri4_cont_step36.pt

VERDICT: PARTIAL (see issues)

RECOMMENDATIONS:
  - Honest I-stage / partial / synthetic labeling present — good.
========================================================================

[PRINCIPLE GATE] Report written: PRINCIPLES_GATE_START_1779941396.json
Loaded 72 cases from pure_72

================================================================================
PIVOT SAFETY WARNING: Inductive biases missing from primary One-Body path
================================================================================

  Component: state_transition_core
  active_in_primary_onebody_path = False
  Note: Reusable GRAM/PTRM-style state transition core family (legacy implementation). Provides the original stochastic recurrent breadth inductive bias (true_gram prior/posterior sampling + high-level guidance) that contributed to historical 5.53~5.56 signals. See Historical Signal Reconstruction: docs/wik...
  → Any SSOT requiring executable ablations on this bias is currently unfulfillable.

  See: docs/wiki/process/pivot-safety-and-inductive-bias-preservation.md
================================================================================

[WARN] Unexpected keys ignored when loading: ['model', 'router', 'step', 'config', 'slots', 'internal_ri4_primary', 'decoupled_bank', 'use_decoupled_memory_bank']

=== Accuracy on pure_72 ===
Correct: 24 / 72
Accuracy: 33.33%

[Attractor Depth Behavior Diagnostic]
  Attractor was enabled during this run.
  Note: Full depth-wise monotonic improvement measurement requires
  running the core at multiple recurrent depths on the same cases.
  Current proxy scoring does not yet capture per-depth gold margin.

========================================================================
REASONING TEST PRINCIPLES GATE  (항상 실행되는 원칙 검증)
========================================================================
timestamp: 2026-05-28 13:10:04
phase: end
benchmark: pure_recursive_reasoning_heldout_72
conditions-matched: partial_synthetic_base
strict_b (pure_72, no-evidence): YES
one_body_causal_path: YES
GRAM/PTRM restoration live: stochastic_breadth=ON in forward path, gated_equation_binding readback=ON (z_h injection)
Answer Attractor depth behavior measured: NO / NOT PROVIDED
Three historical tracks (Workspaces + Attractor + Provenance): Workspaces (importance selector), Answer Attractor (depth-wise monotonic), Provenance (Graph + WorldModel + Gated Register), → PROPER PORTING ACTIVE (default in main RI-4 trainer)
ablation_matrix fully reported: NO
honest labeling present: YES
reported_accuracy: 24/72 (33.33%)
checkpoint: experiments/ri1_m1_ablation/m1_on/hybrid_ri4_cont_step36.pt

VERDICT: PARTIAL (see issues)

RECOMMENDATIONS:
  - Honest I-stage / partial / synthetic labeling present — good.
========================================================================

[PRINCIPLE GATE] Report written: PRINCIPLES_GATE_END_1779941404.json

=== Depth 4 - M1 OFF (ablation) ===

========================================================================
REASONING TEST PRINCIPLES GATE  (항상 실행되는 원칙 검증)
========================================================================
timestamp: 2026-05-28 13:10:05
phase: start
benchmark: pure_recursive_reasoning_heldout_72
conditions-matched: partial_synthetic_base
strict_b (pure_72, no-evidence): YES
one_body_causal_path: YES
GRAM/PTRM restoration live: stochastic_breadth=ON in forward path, gated_equation_binding readback=ON (z_h injection)
Answer Attractor depth behavior measured: NO / NOT PROVIDED
Three historical tracks (Workspaces + Attractor + Provenance): Workspaces (importance selector), Answer Attractor (depth-wise monotonic), Provenance (Graph + WorldModel + Gated Register), → PROPER PORTING ACTIVE (default in main RI-4 trainer)
ablation_matrix fully reported: NO
honest labeling present: YES
checkpoint: experiments/ri1_m1_ablation/m1_off/hybrid_ri4_cont_step36.pt

VERDICT: PARTIAL (see issues)

RECOMMENDATIONS:
  - Honest I-stage / partial / synthetic labeling present — good.
========================================================================

[PRINCIPLE GATE] Report written: PRINCIPLES_GATE_START_1779941405.json
Loaded 72 cases from pure_72

================================================================================
PIVOT SAFETY WARNING: Inductive biases missing from primary One-Body path
================================================================================

  Component: state_transition_core
  active_in_primary_onebody_path = False
  Note: Reusable GRAM/PTRM-style state transition core family (legacy implementation). Provides the original stochastic recurrent breadth inductive bias (true_gram prior/posterior sampling + high-level guidance) that contributed to historical 5.53~5.56 signals. See Historical Signal Reconstruction: docs/wik...
  → Any SSOT requiring executable ablations on this bias is currently unfulfillable.

  See: docs/wiki/process/pivot-safety-and-inductive-bias-preservation.md
================================================================================

[WARN] Unexpected keys ignored when loading: ['model', 'router', 'step', 'config', 'slots', 'internal_ri4_primary', 'decoupled_bank', 'use_decoupled_memory_bank']

=== Accuracy on pure_72 ===
Correct: 24 / 72
Accuracy: 33.33%

[Attractor Depth Behavior Diagnostic]
  Attractor was enabled during this run.
  Note: Full depth-wise monotonic improvement measurement requires
  running the core at multiple recurrent depths on the same cases.
  Current proxy scoring does not yet capture per-depth gold margin.

========================================================================
REASONING TEST PRINCIPLES GATE  (항상 실행되는 원칙 검증)
========================================================================
timestamp: 2026-05-28 13:10:11
phase: end
benchmark: pure_recursive_reasoning_heldout_72
conditions-matched: partial_synthetic_base
strict_b (pure_72, no-evidence): YES
one_body_causal_path: YES
GRAM/PTRM restoration live: stochastic_breadth=ON in forward path, gated_equation_binding readback=ON (z_h injection)
Answer Attractor depth behavior measured: NO / NOT PROVIDED
Three historical tracks (Workspaces + Attractor + Provenance): Workspaces (importance selector), Answer Attractor (depth-wise monotonic), Provenance (Graph + WorldModel + Gated Register), → PROPER PORTING ACTIVE (default in main RI-4 trainer)
ablation_matrix fully reported: NO
honest labeling present: YES
reported_accuracy: 24/72 (33.33%)
checkpoint: experiments/ri1_m1_ablation/m1_off/hybrid_ri4_cont_step36.pt

VERDICT: PARTIAL (see issues)

RECOMMENDATIONS:
  - Honest I-stage / partial / synthetic labeling present — good.
========================================================================

[PRINCIPLE GATE] Report written: PRINCIPLES_GATE_END_1779941411.json

=== Depth 8 - M1 ON ===

========================================================================
REASONING TEST PRINCIPLES GATE  (항상 실행되는 원칙 검증)
========================================================================
timestamp: 2026-05-28 13:10:11
phase: start
benchmark: pure_recursive_reasoning_heldout_72
conditions-matched: partial_synthetic_base
strict_b (pure_72, no-evidence): YES
one_body_causal_path: YES
GRAM/PTRM restoration live: stochastic_breadth=ON in forward path, gated_equation_binding readback=ON (z_h injection)
Answer Attractor depth behavior measured: NO / NOT PROVIDED
Three historical tracks (Workspaces + Attractor + Provenance): Workspaces (importance selector), Answer Attractor (depth-wise monotonic), Provenance (Graph + WorldModel + Gated Register), → PROPER PORTING ACTIVE (default in main RI-4 trainer)
ablation_matrix fully reported: NO
honest labeling present: YES
checkpoint: experiments/ri1_m1_ablation/m1_on/hybrid_ri4_cont_step36.pt

VERDICT: PARTIAL (see issues)

RECOMMENDATIONS:
  - Honest I-stage / partial / synthetic labeling present — good.
========================================================================

[PRINCIPLE GATE] Report written: PRINCIPLES_GATE_START_1779941411.json
Loaded 72 cases from pure_72

================================================================================
PIVOT SAFETY WARNING: Inductive biases missing from primary One-Body path
================================================================================

  Component: state_transition_core
  active_in_primary_onebody_path = False
  Note: Reusable GRAM/PTRM-style state transition core family (legacy implementation). Provides the original stochastic recurrent breadth inductive bias (true_gram prior/posterior sampling + high-level guidance) that contributed to historical 5.53~5.56 signals. See Historical Signal Reconstruction: docs/wik...
  → Any SSOT requiring executable ablations on this bias is currently unfulfillable.

  See: docs/wiki/process/pivot-safety-and-inductive-bias-preservation.md
================================================================================

[WARN] Unexpected keys ignored when loading: ['model', 'router', 'step', 'config', 'slots', 'internal_ri4_primary', 'decoupled_bank', 'use_decoupled_memory_bank']

=== Accuracy on pure_72 ===
Correct: 23 / 72
Accuracy: 31.94%

[Attractor Depth Behavior Diagnostic]
  Attractor was enabled during this run.
  Note: Full depth-wise monotonic improvement measurement requires
  running the core at multiple recurrent depths on the same cases.
  Current proxy scoring does not yet capture per-depth gold margin.

========================================================================
REASONING TEST PRINCIPLES GATE  (항상 실행되는 원칙 검증)
========================================================================
timestamp: 2026-05-28 13:10:21
phase: end
benchmark: pure_recursive_reasoning_heldout_72
conditions-matched: partial_synthetic_base
strict_b (pure_72, no-evidence): YES
one_body_causal_path: YES
GRAM/PTRM restoration live: stochastic_breadth=ON in forward path, gated_equation_binding readback=ON (z_h injection)
Answer Attractor depth behavior measured: NO / NOT PROVIDED
Three historical tracks (Workspaces + Attractor + Provenance): Workspaces (importance selector), Answer Attractor (depth-wise monotonic), Provenance (Graph + WorldModel + Gated Register), → PROPER PORTING ACTIVE (default in main RI-4 trainer)
ablation_matrix fully reported: NO
honest labeling present: YES
reported_accuracy: 23/72 (31.94%)
checkpoint: experiments/ri1_m1_ablation/m1_on/hybrid_ri4_cont_step36.pt

VERDICT: PARTIAL (see issues)

RECOMMENDATIONS:
  - Honest I-stage / partial / synthetic labeling present — good.
========================================================================

[PRINCIPLE GATE] Report written: PRINCIPLES_GATE_END_1779941421.json

=== Depth 8 - M1 OFF (ablation) ===

========================================================================
REASONING TEST PRINCIPLES GATE  (항상 실행되는 원칙 검증)
========================================================================
timestamp: 2026-05-28 13:10:22
phase: start
benchmark: pure_recursive_reasoning_heldout_72
conditions-matched: partial_synthetic_base
strict_b (pure_72, no-evidence): YES
one_body_causal_path: YES
GRAM/PTRM restoration live: stochastic_breadth=ON in forward path, gated_equation_binding readback=ON (z_h injection)
Answer Attractor depth behavior measured: NO / NOT PROVIDED
Three historical tracks (Workspaces + Attractor + Provenance): Workspaces (importance selector), Answer Attractor (depth-wise monotonic), Provenance (Graph + WorldModel + Gated Register), → PROPER PORTING ACTIVE (default in main RI-4 trainer)
ablation_matrix fully reported: NO
honest labeling present: YES
checkpoint: experiments/ri1_m1_ablation/m1_off/hybrid_ri4_cont_step36.pt

VERDICT: PARTIAL (see issues)

RECOMMENDATIONS:
  - Honest I-stage / partial / synthetic labeling present — good.
========================================================================

[PRINCIPLE GATE] Report written: PRINCIPLES_GATE_START_1779941422.json
Loaded 72 cases from pure_72

================================================================================
PIVOT SAFETY WARNING: Inductive biases missing from primary One-Body path
================================================================================

  Component: state_transition_core
  active_in_primary_onebody_path = False
  Note: Reusable GRAM/PTRM-style state transition core family (legacy implementation). Provides the original stochastic recurrent breadth inductive bias (true_gram prior/posterior sampling + high-level guidance) that contributed to historical 5.53~5.56 signals. See Historical Signal Reconstruction: docs/wik...
  → Any SSOT requiring executable ablations on this bias is currently unfulfillable.

  See: docs/wiki/process/pivot-safety-and-inductive-bias-preservation.md
================================================================================

[WARN] Unexpected keys ignored when loading: ['model', 'router', 'step', 'config', 'slots', 'internal_ri4_primary', 'decoupled_bank', 'use_decoupled_memory_bank']

=== Accuracy on pure_72 ===
Correct: 22 / 72
Accuracy: 30.56%

[Attractor Depth Behavior Diagnostic]
  Attractor was enabled during this run.
  Note: Full depth-wise monotonic improvement measurement requires
  running the core at multiple recurrent depths on the same cases.
  Current proxy scoring does not yet capture per-depth gold margin.

========================================================================
REASONING TEST PRINCIPLES GATE  (항상 실행되는 원칙 검증)
========================================================================
timestamp: 2026-05-28 13:10:30
phase: end
benchmark: pure_recursive_reasoning_heldout_72
conditions-matched: partial_synthetic_base
strict_b (pure_72, no-evidence): YES
one_body_causal_path: YES
GRAM/PTRM restoration live: stochastic_breadth=ON in forward path, gated_equation_binding readback=ON (z_h injection)
Answer Attractor depth behavior measured: NO / NOT PROVIDED
Three historical tracks (Workspaces + Attractor + Provenance): Workspaces (importance selector), Answer Attractor (depth-wise monotonic), Provenance (Graph + WorldModel + Gated Register), → PROPER PORTING ACTIVE (default in main RI-4 trainer)
ablation_matrix fully reported: NO
honest labeling present: YES
reported_accuracy: 22/72 (30.56%)
checkpoint: experiments/ri1_m1_ablation/m1_off/hybrid_ri4_cont_step36.pt

VERDICT: PARTIAL (see issues)

RECOMMENDATIONS:
  - Honest I-stage / partial / synthetic labeling present — good.
========================================================================

[PRINCIPLE GATE] Report written: PRINCIPLES_GATE_END_1779941430.json

=== Ablation measurement complete ===
Compare the two scaling curves. Big difference in d=8 lift = strong causal evidence for M1.
