=== 5.56 Full Curriculum Ablation Matrix (Reverse I→G→A) ===
Base output: local_556_real642_gstage_matrix_20260527_1254
Steps per variant: 120
Gold path: local_eval/642_adaptive_fine_tuned_200step/adaptive_phase2_checkpoint.pt


=== Running variant: 01_full_556_real_gold_stoch_on ===
Command: bash scripts/launch_556_local_smoke.sh --steps 120 --save_dir local_556_real642_gstage_matrix_20260527_1254/01_full_556_real_gold_stoch_on --log_every 5 --enable_stochastic_breadth --gold_path local_eval/642_adaptive_fine_tuned_200step/adaptive_phase2_checkpoint.pt
Variant 01_full_556_real_gold_stoch_on finished with code 127
  Artifacts in: local_556_real642_gstage_matrix_20260527_1254/01_full_556_real_gold_stoch_on

=== Running variant: 02_stochastic_ablation_zero ===
Command: bash scripts/launch_556_local_smoke.sh --steps 120 --save_dir local_556_real642_gstage_matrix_20260527_1254/02_stochastic_ablation_zero --log_every 5 --enable_stochastic_breadth --stochastic_ablation_zero true --gold_path local_eval/642_adaptive_fine_tuned_200step/adaptive_phase2_checkpoint.pt
Variant 02_stochastic_ablation_zero finished with code 127
  Artifacts in: local_556_real642_gstage_matrix_20260527_1254/02_stochastic_ablation_zero

=== Running variant: 03_no_attractor_protection ===
Command: bash scripts/launch_556_local_smoke.sh --steps 120 --save_dir local_556_real642_gstage_matrix_20260527_1254/03_no_attractor_protection --log_every 5 --enable_stochastic_breadth --gold_path local_eval/642_adaptive_fine_tuned_200step/adaptive_phase2_checkpoint.pt
NOTE: MANUAL: temporarily set protect_attractor=False in rehearsal config for this variant
Variant 03_no_attractor_protection finished with code 127
  Artifacts in: local_556_real642_gstage_matrix_20260527_1254/03_no_attractor_protection

=== Running variant: 04_no_scheduled_decay_fixed_high ===
Command: bash scripts/launch_556_local_smoke.sh --steps 120 --save_dir local_556_real642_gstage_matrix_20260527_1254/04_no_scheduled_decay_fixed_high --log_every 5 --enable_stochastic_breadth --gold_path local_eval/642_adaptive_fine_tuned_200step/adaptive_phase2_checkpoint.pt
NOTE: MANUAL: set fixed high binding weight in rehearsal for this run
Variant 04_no_scheduled_decay_fixed_high finished with code 127
  Artifacts in: local_556_real642_gstage_matrix_20260527_1254/04_no_scheduled_decay_fixed_high

=== Running variant: 05_synthetic_gold_only ===
Command: bash scripts/launch_556_local_smoke.sh --steps 120 --save_dir local_556_real642_gstage_matrix_20260527_1254/05_synthetic_gold_only --log_every 5 --enable_stochastic_breadth
Variant 05_synthetic_gold_only finished with code 127
  Artifacts in: local_556_real642_gstage_matrix_20260527_1254/05_synthetic_gold_only

=== Running variant: 06_stoch_on_no_protection ===
Command: bash scripts/launch_556_local_smoke.sh --steps 120 --save_dir local_556_real642_gstage_matrix_20260527_1254/06_stoch_on_no_protection --log_every 5 --enable_stochastic_breadth --gold_path local_eval/642_adaptive_fine_tuned_200step/adaptive_phase2_checkpoint.pt
NOTE: Combination test: breadth without attractor protection
Variant 06_stoch_on_no_protection finished with code 127
  Artifacts in: local_556_real642_gstage_matrix_20260527_1254/06_stoch_on_no_protection

=== Matrix complete ===
  01_full_556_real_gold_stoch_on: FAIL(127)
  02_stochastic_ablation_zero: FAIL(127)
  03_no_attractor_protection: FAIL(127)
  04_no_scheduled_decay_fixed_high: FAIL(127)
  05_synthetic_gold_only: FAIL(127)
  06_stoch_on_no_protection: FAIL(127)

All metrics.json files are under: local_556_real642_gstage_matrix_20260527_1254/**/metrics.json
Next: python scripts/analyze_556_curriculum_metrics.py local_556_real642_gstage_matrix_20260527_1254 --output summary_556_ablation.md
Then review against the Promotion Gate criteria in the 2026-05-30 decision record.
