
================================================================================
PIVOT SAFETY WARNING: Inductive biases missing from primary One-Body path
================================================================================

  Component: state_transition_core
  active_in_primary_onebody_path = False
  Note: Reusable GRAM/PTRM-style state transition core family (legacy implementation). Provides the original stochastic recurrent breadth inductive bias (true_gram prior/posterior sampling + high-level guidance) that contributed to historical 5.53~5.56 signals. See Historical Signal Reconstruction: docs/wik...
  → Any SSOT requiring executable ablations on this bias is currently unfulfillable.

  See: docs/wiki/process/pivot-safety-and-inductive-bias-preservation.md
================================================================================

[Strong Protection] Enabled: attractor_protection_during_rehearsal raised to 0.9, heldout_answer_pressure_weight boosted to at least 1.0
[Logging] Direct run log at checkpoints/hybrid_ri4_82m_v1.2_arch_guardrail_K4_202606/run.log (in addition to stdout + TB)
========================================================================
RI-4 HYBRID REAL CONTINUATION (A-Mode Most-Deficient move)
  Horizon: 220 steps | d_model=384
  Gold: local_eval/642_adaptive_fine_tuned_200step/adaptive_phase2_checkpoint.pt
  RI-4 ablations: slots_off=False, persistence_off=False
========================================================================
>>> ARCHITECTURE: v1.2 (Hybrid RI-4 + FULL v0.5 5.56 Curriculum + ARCHITECTURAL TRAJECTORY GUARDRAIL)
    full_curriculum_rehearsal_step + rolling buffer + decay-scaled gold injection + protection_during_rehearsal=0.7
    + K-candidate selection INSIDE OneBodyParallelHybridBlock recurrence (v0.x StateTransitionCore spirit)
    (This is the architecture modification that was required alongside the accuracy cycle.)
[HybridBlock] Using official FLA MultiheadLatentAttention (MLA)
[HybridBlock] Using official FLA MultiheadLatentAttention (MLA)
[HybridBlock] Using official FLA MultiheadLatentAttention (MLA)
[HybridBlock] Using official FLA MultiheadLatentAttention (MLA)
[v1.2 Arch Guardrail] Internal K-candidate trajectory selection armed inside hybrid recurrence (K=4). This is the architectural-level restoration from StateTransitionCore + verifier era.
[v0.5 Curriculum Restoration] PRIMARY PATH: full_curriculum_rehearsal_step (decay + protection + gold injection + buffer selection) for gold_structured mode
[Resume] Loading from checkpoints/hybrid_ri4_82m_v1.1_v0x_trajectory_selection_refined_test_202606/hybrid_ri4_cont_step180.pt
[Resume] Resumed at step 180
[RI-4 Selectivity] Router temperature=1.0 gumbel_std=0.0
[Gold] Loading real 642 gold from: local_eval/642_adaptive_fine_tuned_200step/adaptive_phase2_checkpoint.pt
[Gold] Real 642 gold successfully prepared for d_model=384
[C-Track] TensorBoard enabled at checkpoints/hybrid_ri4_82m_v1.2_arch_guardrail_K4_202606/tb (train_loss + eval_loss + Heldout/*_acc)
[B+C-Track] Periodic real heldout accuracy probe ACTIVE every 5 steps (max_cases=8) on reasoning + memory 72.jsonl
[Checkpoint] saved checkpoints/hybrid_ri4_82m_v1.2_arch_guardrail_K4_202606/hybrid_ri4_cont_step190.pt
step 198/400 | train_loss=0.041016 | eval_loss=0.032715
  [v0.x Selection] Step 199: selected trajectory 4/4 (score=3.0500, progress=0.3750)
[Checkpoint] saved checkpoints/hybrid_ri4_82m_v1.2_arch_guardrail_K4_202606/hybrid_ri4_cont_step200.pt
[Checkpoint] saved checkpoints/hybrid_ri4_82m_v1.2_arch_guardrail_K4_202606/hybrid_ri4_cont_step210.pt
  [v0.x Selection] Step 219: selected trajectory 3/4 (score=4.5281, progress=-0.2188)
step 220/400 | train_loss=0.050049 | eval_loss=0.032715 | reasoning_heldout=1/8(0.12) memory_heldout=3/8(0.38)
step 220/220 | norm=9.000
[Checkpoint] saved checkpoints/hybrid_ri4_82m_v1.2_arch_guardrail_K4_202606/hybrid_ri4_cont_step220.pt
[Checkpoint] saved checkpoints/hybrid_ri4_82m_v1.2_arch_guardrail_K4_202606/hybrid_ri4_cont_step230.pt
  [v0.x Selection] Step 239: selected trajectory 2/4 (score=2.6797, progress=-0.0781)
[Checkpoint] saved checkpoints/hybrid_ri4_82m_v1.2_arch_guardrail_K4_202606/hybrid_ri4_cont_step240.pt
step 242/400 | train_loss=0.020508 | eval_loss=0.031982
[Checkpoint] saved checkpoints/hybrid_ri4_82m_v1.2_arch_guardrail_K4_202606/hybrid_ri4_cont_step250.pt
  [v0.x Selection] Step 259: selected trajectory 3/4 (score=2.7891, progress=0.3906)
[Checkpoint] saved checkpoints/hybrid_ri4_82m_v1.2_arch_guardrail_K4_202606/hybrid_ri4_cont_step260.pt
step 264/400 | train_loss=0.017578 | eval_loss=0.030884
[Checkpoint] saved checkpoints/hybrid_ri4_82m_v1.2_arch_guardrail_K4_202606/hybrid_ri4_cont_step270.pt
step 275/220 | norm=4.500
  [v0.x Selection] Step 279: selected trajectory 2/4 (score=3.5453, progress=-0.4219)
[Checkpoint] saved checkpoints/hybrid_ri4_82m_v1.2_arch_guardrail_K4_202606/hybrid_ri4_cont_step280.pt
step 286/400 | train_loss=0.059326 | eval_loss=0.030640
[Checkpoint] saved checkpoints/hybrid_ri4_82m_v1.2_arch_guardrail_K4_202606/hybrid_ri4_cont_step290.pt
  [v0.x Selection] Step 299: selected trajectory 2/4 (score=2.1547, progress=0.0469)
[Checkpoint] saved checkpoints/hybrid_ri4_82m_v1.2_arch_guardrail_K4_202606/hybrid_ri4_cont_step300.pt
step 308/400 | train_loss=0.015442 | eval_loss=0.031128
[Checkpoint] saved checkpoints/hybrid_ri4_82m_v1.2_arch_guardrail_K4_202606/hybrid_ri4_cont_step310.pt
  [v0.x Selection] Step 319: selected trajectory 2/4 (score=3.1500, progress=0.8125)
[Checkpoint] saved checkpoints/hybrid_ri4_82m_v1.2_arch_guardrail_K4_202606/hybrid_ri4_cont_step320.pt
step 330/400 | train_loss=0.011536 | eval_loss=0.030151 | reasoning_heldout=1/8(0.12) memory_heldout=3/8(0.38)
step 330/220 | norm=4.250
[Checkpoint] saved checkpoints/hybrid_ri4_82m_v1.2_arch_guardrail_K4_202606/hybrid_ri4_cont_step330.pt
  [v0.x Selection] Step 339: selected trajectory 2/4 (score=2.3453, progress=-0.2031)
[Checkpoint] saved checkpoints/hybrid_ri4_82m_v1.2_arch_guardrail_K4_202606/hybrid_ri4_cont_step340.pt
[Checkpoint] saved checkpoints/hybrid_ri4_82m_v1.2_arch_guardrail_K4_202606/hybrid_ri4_cont_step350.pt
step 352/400 | train_loss=0.030762 | eval_loss=0.030518
  [v0.x Selection] Step 359: selected trajectory 3/4 (score=2.0641, progress=0.1094)
[Checkpoint] saved checkpoints/hybrid_ri4_82m_v1.2_arch_guardrail_K4_202606/hybrid_ri4_cont_step360.pt
[Checkpoint] saved checkpoints/hybrid_ri4_82m_v1.2_arch_guardrail_K4_202606/hybrid_ri4_cont_step370.pt
step 374/400 | train_loss=0.023560 | eval_loss=0.030396
  [v0.x Selection] Step 379: selected trajectory 2/4 (score=5.6125, progress=0.6875)
[Checkpoint] saved checkpoints/hybrid_ri4_82m_v1.2_arch_guardrail_K4_202606/hybrid_ri4_cont_step380.pt
step 385/220 | norm=5.875
[Checkpoint] saved checkpoints/hybrid_ri4_82m_v1.2_arch_guardrail_K4_202606/hybrid_ri4_cont_step390.pt
step 396/400 | train_loss=0.007385 | eval_loss=0.029419
  [v0.x Selection] Step 399: selected trajectory 1/4 (score=1.6078, progress=0.0469)
step 400/400 | train_loss=0.007019 | eval_loss=0.029907 | reasoning_heldout=0/8(0.00) memory_heldout=3/8(0.38)
[Checkpoint] saved checkpoints/hybrid_ri4_82m_v1.2_arch_guardrail_K4_202606/hybrid_ri4_cont_step400.pt

Continuation smoke complete. Substrate is now exercisable in a checkpointed loop.
Next: wire real data + full optimizer + 192-style gates on these checkpoints. Parallel Fast-Falsification batch active. (User order: positive until it appears)
[C-Track] TensorBoard flushed+closed. Logs at: checkpoints/hybrid_ri4_82m_v1.2_arch_guardrail_K4_202606/tb  (tensorboard --logdir checkpoints/hybrid_ri4_82m_v1.2_arch_guardrail_K4_202606/tb)
