
================================================================================
PIVOT SAFETY WARNING: Inductive biases missing from primary One-Body path
================================================================================

  Component: state_transition_core
  active_in_primary_onebody_path = False
  Note: Reusable GRAM/PTRM-style state transition core family (legacy implementation). Provides the original stochastic recurrent breadth inductive bias (true_gram prior/posterior sampling + high-level guidance) that contributed to historical 5.53~5.56 signals. See Historical Signal Reconstruction: docs/wik...
  → Any SSOT requiring executable ablations on this bias is currently unfulfillable.

  See: docs/wiki/process/pivot-safety-and-inductive-bias-preservation.md
================================================================================

========================================================================
RI-4 HYBRID REAL CONTINUATION (A-Mode Most-Deficient move)
  Horizon: 100 steps | d_model=128
  Gold: local_eval/642_adaptive_fine_tuned_200step/adaptive_phase2_checkpoint.pt
  RI-4 ablations: slots_off=False, persistence_off=False
========================================================================
[HybridBlock] Using official FLA MultiheadLatentAttention (MLA)
[HybridBlock] Using official FLA MultiheadLatentAttention (MLA)
[HybridBlock] Using official FLA MultiheadLatentAttention (MLA)
[HybridBlock] Using official FLA MultiheadLatentAttention (MLA)
[RI-4 Selectivity] Router temperature=1.3 gumbel_std=0.25
[Gold] Loading real 642 gold from: local_eval/642_adaptive_fine_tuned_200step/adaptive_phase2_checkpoint.pt
[Gold] Real 642 gold successfully prepared for d_model=128
[C-Track] TensorBoard enabled at checkpoints/hybrid_ri4_convergence_gold_202606/tb (train_loss + eval_loss + Heldout/*_acc)
[B+C-Track] Periodic real heldout accuracy probe ACTIVE every 8 steps (max_cases=8) on reasoning + memory 72.jsonl
/home/tripleyoung/qtrm-workspace/qtrm_multimodal_memoryos/scripts/train_hybrid_ri4_real_continuation_minimal.py:553: UserWarning: Using a target size (torch.Size([1, 1, 128])) that is different to the input size (torch.Size([2, 1, 128])). This will likely lead to incorrect results due to broadcasting. Please ensure they have the same size.
  train_loss = torch.nn.functional.mse_loss(rehearsal_target, gold_state)
/home/tripleyoung/qtrm-workspace/qtrm_multimodal_memoryos/scripts/train_hybrid_ri4_real_continuation_minimal.py:553: UserWarning: Using a target size (torch.Size([1, 1, 128])) that is different to the input size (torch.Size([2, 1, 128])). This will likely lead to incorrect results due to broadcasting. Please ensure they have the same size.
  train_loss = torch.nn.functional.mse_loss(rehearsal_target, gold_state)
step 10/100 | train_loss=0.099121 | eval_loss=0.050537
[Checkpoint] saved checkpoints/hybrid_ri4_convergence_gold_202606/hybrid_ri4_cont_step10.pt
step 20/100 | train_loss=0.067383 | eval_loss=0.048584
[Checkpoint] saved checkpoints/hybrid_ri4_convergence_gold_202606/hybrid_ri4_cont_step20.pt
step 25/100 | norm=17.500
step 30/100 | train_loss=0.058838 | eval_loss=0.048828
[Checkpoint] saved checkpoints/hybrid_ri4_convergence_gold_202606/hybrid_ri4_cont_step30.pt
step 40/100 | train_loss=0.112305 | eval_loss=0.048584 | reasoning_heldout=0/8(0.00) memory_heldout=0/8(0.00)
[Checkpoint] saved checkpoints/hybrid_ri4_convergence_gold_202606/hybrid_ri4_cont_step40.pt
step 50/100 | train_loss=0.047607 | eval_loss=0.048584
step 50/100 | norm=14.438
[Checkpoint] saved checkpoints/hybrid_ri4_convergence_gold_202606/hybrid_ri4_cont_step50.pt
step 60/100 | train_loss=0.044434 | eval_loss=0.048340
[Checkpoint] saved checkpoints/hybrid_ri4_convergence_gold_202606/hybrid_ri4_cont_step60.pt
step 70/100 | train_loss=0.041748 | eval_loss=0.047119
[Checkpoint] saved checkpoints/hybrid_ri4_convergence_gold_202606/hybrid_ri4_cont_step70.pt
step 75/100 | norm=12.125
step 80/100 | train_loss=0.026123 | eval_loss=0.047607 | reasoning_heldout=0/8(0.00) memory_heldout=0/8(0.00)
[Checkpoint] saved checkpoints/hybrid_ri4_convergence_gold_202606/hybrid_ri4_cont_step80.pt
step 90/100 | train_loss=0.032715 | eval_loss=0.047119
[Checkpoint] saved checkpoints/hybrid_ri4_convergence_gold_202606/hybrid_ri4_cont_step90.pt
step 100/100 | train_loss=0.035400 | eval_loss=0.046875
step 100/100 | norm=10.188
[Checkpoint] saved checkpoints/hybrid_ri4_convergence_gold_202606/hybrid_ri4_cont_step100.pt

Continuation smoke complete. Substrate is now exercisable in a checkpointed loop.
Next: wire real data + full optimizer + 192-style gates on these checkpoints. Parallel Fast-Falsification batch active. (User order: positive until it appears)
[C-Track] TensorBoard flushed+closed. Logs at: checkpoints/hybrid_ri4_convergence_gold_202606/tb  (tensorboard --logdir checkpoints/hybrid_ri4_convergence_gold_202606/tb)
