=== Launching 5.56 Full Curriculum Minimal Trainer (Reverse I→G→A + 5.56 Gold Curriculum) ===
Steps: 100 | Batch: 8 | d_model: 128
Stochastic Breadth: --enable_stochastic_breadth (ablation_zero=false)
Save dir: local_556_real642_full_gstage_matrix_fixed_20260527_1256/01_full_556_real_gold_stoch_on
Resume: none
Gold path: --gold_path local_eval/642_adaptive_fine_tuned_200step/adaptive_phase2_checkpoint.pt
This launcher drives the full 5.56 Adaptive Rehearsal curriculum reconstruction
(scheduled decay 0.40→0.04 + attractor protection + gold structural bias + stochastic breadth).

Using python: /home/tripleyoung/qtrm-workspace/qtrm_multimodal_memoryos/.venv/bin/python
=== 5.56 Full Curriculum Minimal Trainer (with Checkpointing) ===
Steps: 100, Batch: 8, d_model: 128
Stochastic Breadth: True (ablation_zero=False)
Save dir: local_556_real642_full_gstage_matrix_fixed_20260527_1256/01_full_556_real_gold_stoch_on
Gold path: local_eval/642_adaptive_fine_tuned_200step/adaptive_phase2_checkpoint.pt

[GoldProxy] Attempting real 642 gold load from: local_eval/642_adaptive_fine_tuned_200step/adaptive_phase2_checkpoint.pt
[GoldProxy] WARNING: real checkpoint loaded but no recognized gold/bos/latent key found.
             This run will use synthetic proxy. (Reverse I→G→A documented gap)
[GoldProxy] Using synthetic proxy (no real 642 gold inductive bias carried).
[Gold Handling] Real gold_path provided but extraction produced 1D proxy. Disabling injection for shape safety. Other 5.56 curriculum dynamics (decay, stochastic breadth, protection) remain fully active.
[   0/100] z_h_norm=231.0136  bind=0.400  gold_alpha=0.000  stoch_div=8.5277  gold_dist=0.000  drift=0.0000
[   5/100] z_h_norm=230.6879  bind=0.382  gold_alpha=0.000  stoch_div=8.5433  gold_dist=0.000  drift=0.6081
[  10/100] z_h_norm=229.7141  bind=0.364  gold_alpha=0.000  stoch_div=8.4060  gold_dist=0.000  drift=0.5226
[  15/100] z_h_norm=230.1778  bind=0.346  gold_alpha=0.000  stoch_div=8.5200  gold_dist=0.000  drift=0.2069
[  20/100] z_h_norm=229.8181  bind=0.328  gold_alpha=0.000  stoch_div=8.4662  gold_dist=0.000  drift=0.5753
[  25/100] z_h_norm=231.3349  bind=0.310  gold_alpha=0.000  stoch_div=8.6547  gold_dist=0.000  drift=0.3866
[  30/100] z_h_norm=230.3680  bind=0.292  gold_alpha=0.000  stoch_div=8.5189  gold_dist=0.000  drift=0.3141
[  35/100] z_h_norm=230.5890  bind=0.274  gold_alpha=0.000  stoch_div=8.5439  gold_dist=0.000  drift=0.1223
[  40/100] z_h_norm=231.2094  bind=0.256  gold_alpha=0.000  stoch_div=8.5366  gold_dist=0.000  drift=0.5814
[  45/100] z_h_norm=230.7262  bind=0.238  gold_alpha=0.000  stoch_div=8.4505  gold_dist=0.000  drift=0.0772
[  50/100] z_h_norm=230.0755  bind=0.220  gold_alpha=0.000  stoch_div=8.4151  gold_dist=0.000  drift=0.3339
[  55/100] z_h_norm=230.6529  bind=0.202  gold_alpha=0.000  stoch_div=8.5120  gold_dist=0.000  drift=0.5253
[  60/100] z_h_norm=230.4231  bind=0.184  gold_alpha=0.000  stoch_div=8.3951  gold_dist=0.000  drift=0.1687
[  65/100] z_h_norm=230.8817  bind=0.166  gold_alpha=0.000  stoch_div=8.5001  gold_dist=0.000  drift=0.3980
[  70/100] z_h_norm=229.8110  bind=0.148  gold_alpha=0.000  stoch_div=8.5165  gold_dist=0.000  drift=0.5309
[  75/100] z_h_norm=230.6806  bind=0.130  gold_alpha=0.000  stoch_div=8.5055  gold_dist=0.000  drift=0.7156
[  80/100] z_h_norm=229.9204  bind=0.112  gold_alpha=0.000  stoch_div=8.4349  gold_dist=0.000  drift=0.5219
[  85/100] z_h_norm=231.3617  bind=0.094  gold_alpha=0.000  stoch_div=8.4649  gold_dist=0.000  drift=0.9395
[  90/100] z_h_norm=229.8675  bind=0.076  gold_alpha=0.000  stoch_div=8.4333  gold_dist=0.000  drift=0.4534
[  95/100] z_h_norm=230.7167  bind=0.058  gold_alpha=0.000  stoch_div=8.5689  gold_dist=0.000  drift=0.6383
[  99/100] z_h_norm=230.1448  bind=0.044  gold_alpha=0.000  stoch_div=8.5047  gold_dist=0.000  drift=0.9637

Run finished. Checkpoints saved to: local_556_real642_full_gstage_matrix_fixed_20260527_1256/01_full_556_real_gold_stoch_on
Best checkpoint metric (min drift): 0.0000
Artifacts: best.pt, last.pt, metrics.json, config.json
5.56 curriculum metrics in metrics.json: bind_weight, gold_alpha_effective, attractor_protection_active,
  stochastic_diversity (Reverse I→G→A breadth), gold_dist, state_stability_proxy

Run finished. Artifacts in: local_556_real642_full_gstage_matrix_fixed_20260527_1256/01_full_556_real_gold_stoch_on
  - best.pt / last.pt
  - metrics.json   (now contains 5.56 curriculum metrics: bind_weight, stochastic_diversity, gold_dist, ...)
  - config.json

To reproduce a real 642 gold run (recommended next):
  bash scripts/launch_556_local_smoke.sh --steps 200 --enable_stochastic_breadth \
      --gold_path local_eval/642_adaptive_fine_tuned_200step/adaptive_phase2_checkpoint.pt
