=== Launching clean 25-step M1 + 3-track run (no resume, enhanced sampler, target: rising accuracy) ===

================================================================================
PIVOT SAFETY WARNING: Inductive biases missing from primary One-Body path
================================================================================

  Component: state_transition_core
  active_in_primary_onebody_path = False
  Note: Reusable GRAM/PTRM-style state transition core family (legacy implementation). Provides the original stochastic recurrent breadth inductive bias (true_gram prior/posterior sampling + high-level guidance) that contributed to historical 5.53~5.56 signals. See Historical Signal Reconstruction: docs/wik...
  → Any SSOT requiring executable ablations on this bias is currently unfulfillable.

  See: docs/wiki/process/pivot-safety-and-inductive-bias-preservation.md
================================================================================


======================================================================
[PROPER PORTING ACTIVE] Workspaces + Attractor + Provenance
  These three historical experiment tracks are now first-class in the main RI-4 pipeline.
  This is the default behavior per user instruction ('제대로 포팅을 하라고').
  Use --enable-workspaces / --enable-attractor / --enable-provenance for fine control.
======================================================================


======================================================================
[RI-1 M1 ACTIVE] Variable Depth Training Schedule enabled (Huginn-style)
  Sampling mode: randint | mean=4 max=10
  Composes with proper 3-track Attractor (depth-wise monotonic on memory_buffer)
  This closes the Reverse I→G→A gap for RI-1 depth scaling inductive bias.
======================================================================

[Logging] Direct run log at checkpoints/hybrid_ri4_ri1_m1_long_20260528_1303/run.log (in addition to stdout + TB)
========================================================================
RI-4 HYBRID REAL CONTINUATION (A-Mode Most-Deficient move)
  Horizon: 25 steps | d_model=128
  Gold: None
  RI-4 ablations: slots_off=False, persistence_off=False

========================================================================
>>> PROPER PORTING OF HISTORICAL TRACKS IS ACTIVE <<<
    - Gated Thought Workspaces (importance/ALRMC selector)
    - Answer Align Attractor (depth-wise monotonic pressure)
    - Provenance + World Model Gated Register
    These three tracks are now treated as first-class citizens
    in the main RI-4 + 5.56 continuation pipeline.
    This is the new default per explicit user instruction.
========================================================================

========================================================================
>>> ARCHITECTURE: v1.2 (Hybrid RI-4 + FULL v0.5 5.56 Curriculum + ARCHITECTURAL TRAJECTORY GUARDRAIL)
    full_curriculum_rehearsal_step + rolling buffer + decay-scaled gold injection + protection_during_rehearsal=0.7
    + K-candidate selection INSIDE OneBodyParallelHybridBlock recurrence (v0.x StateTransitionCore spirit)
    (This is the architecture modification that was required alongside the accuracy cycle.)
    + RI-1 M1 Variable Depth Training (Huginn-style sampling in pressure/rehearsal loops)
      (properly ported per research-driven skill: now first-class + ablatable in active trainer)
[HybridBlock] Using official FLA MultiheadLatentAttention (MLA)
[HybridBlock] Using official FLA MultiheadLatentAttention (MLA)
[HybridBlock] Using official FLA MultiheadLatentAttention (MLA)
[HybridBlock] Using official FLA MultiheadLatentAttention (MLA)
[v0.5 Curriculum Restoration] PRIMARY PATH: full_curriculum_rehearsal_step (decay + protection + gold injection + buffer selection) for gold_structured mode
[RI-4 Selectivity] Router temperature=1.0 gumbel_std=0.0
[C-Track] TensorBoard enabled at checkpoints/hybrid_ri4_ri1_m1_long_20260528_1303/tb (train_loss + eval_loss + Heldout/*_acc)
[B+C-Track] Periodic real heldout accuracy probe ACTIVE every 5 steps (max_cases=8) on reasoning + memory 72.jsonl
  [RI-1 M1 C-Track] Training distribution now includes variable depth (last sampled ~2)
step 2/25 | train_loss=0.214844 | eval_loss=0.057861
  [RI-1 M1 C-Track] Training distribution now includes variable depth (last sampled ~5)
step 4/25 | train_loss=0.182617 | eval_loss=0.057861
[Checkpoint] saved checkpoints/hybrid_ri4_ri1_m1_long_20260528_1303/hybrid_ri4_cont_step5.pt
  [RI-1 M1 C-Track] Training distribution now includes variable depth (last sampled ~4)
step 6/25 | train_loss=0.238281 | eval_loss=0.057373
step 6/25 | norm=4.750
  [RI-1 M1 C-Track] Training distribution now includes variable depth (last sampled ~5)
step 8/25 | train_loss=0.101074 | eval_loss=0.057373
  [RI-1 M1 C-Track] Training distribution now includes variable depth (last sampled ~4)
step 10/25 | train_loss=0.080566 | eval_loss=0.057373 | reasoning_heldout=1/8(0.12) memory_heldout=1/8(0.12)
[Checkpoint] saved checkpoints/hybrid_ri4_ri1_m1_long_20260528_1303/hybrid_ri4_cont_step10.pt
  [RI-1 M1 C-Track] Training distribution now includes variable depth (last sampled ~2)
step 12/25 | train_loss=0.093262 | eval_loss=0.057373
step 12/25 | norm=3.516
  [RI-1 M1 C-Track] Training distribution now includes variable depth (last sampled ~3)
step 14/25 | train_loss=0.060059 | eval_loss=0.057373
  [RI-1 M1] Step 14: sampled effective_depth=3 for answer_pressure (C-track)
  [RI-1 M1] Step 14: sampled effective_depth=6 for monotonic_pressure (Attractor composition)
[Checkpoint] saved checkpoints/hybrid_ri4_ri1_m1_long_20260528_1303/hybrid_ri4_cont_step15.pt
  [RI-1 M1 C-Track] Training distribution now includes variable depth (last sampled ~3)
step 16/25 | train_loss=0.053467 | eval_loss=0.057373
  [RI-1 M1 C-Track] Training distribution now includes variable depth (last sampled ~3)
step 18/25 | train_loss=0.055420 | eval_loss=0.057373
step 18/25 | norm=3.047
  [RI-1 M1 C-Track] Training distribution now includes variable depth (last sampled ~2)
step 20/25 | train_loss=0.039551 | eval_loss=0.057373 | reasoning_heldout=1/8(0.12) memory_heldout=2/8(0.25)
[Checkpoint] saved checkpoints/hybrid_ri4_ri1_m1_long_20260528_1303/hybrid_ri4_cont_step20.pt
  [RI-1 M1 C-Track] Training distribution now includes variable depth (last sampled ~3)
step 22/25 | train_loss=0.032715 | eval_loss=0.057373
  [RI-1 M1 C-Track] Training distribution now includes variable depth (last sampled ~4)
step 24/25 | train_loss=0.032715 | eval_loss=0.057373
step 24/25 | norm=2.531
step 25/25 | train_loss=0.028076 | eval_loss=0.057373 | reasoning_heldout=2/8(0.25) memory_heldout=2/8(0.25)
step 25/25 | norm=2.438
[Checkpoint] saved checkpoints/hybrid_ri4_ri1_m1_long_20260528_1303/hybrid_ri4_cont_step25.pt

Continuation smoke complete. Substrate is now exercisable in a checkpointed loop.
Next: wire real data + full optimizer + 192-style gates on these checkpoints. Parallel Fast-Falsification batch active. (User order: positive until it appears)
[C-Track] TensorBoard flushed+closed. Logs at: checkpoints/hybrid_ri4_ri1_m1_long_20260528_1303/tb  (tensorboard --logdir checkpoints/hybrid_ri4_ri1_m1_long_20260528_1303/tb)
