========================================================================
RI-4 HYBRID REAL CONTINUATION (A-Mode Most-Deficient move)
  Horizon: 12 steps | d_model=512
  Gold: local_eval/642_adaptive_fine_tuned_200step/adaptive_phase2_checkpoint.pt
  RI-4 ablations: slots_off=False, persistence_off=False
========================================================================
[HybridBlock] Using official FLA MultiheadLatentAttention (MLA)
[HybridBlock] Using official FLA MultiheadLatentAttention (MLA)
[HybridBlock] Using official FLA MultiheadLatentAttention (MLA)
[HybridBlock] Using official FLA MultiheadLatentAttention (MLA)
[Resume] Loading from checkpoints/hybrid_ri4_internal_primary_test_d512/hybrid_ri4_cont_step100.pt
[Resume] Router loaded with missing keys (new architecture components initialized fresh): ['forget_gate.0.weight', 'forget_gate.0.bias', 'forget_gate.2.weight', 'forget_gate.2.bias', 'write_gate.0.weight', 'write_gate.0.bias', 'write_gate.2.weight', 'write_gate.2.bias']
[Resume] Resumed at step 100
[Internal RI-4 Primary] Router re-attached to blocks after resume
[Internal RI-4 Primary] Router attached to hybrid blocks — carry will flow through block return value
[RI-4 Radical Shift] LatentEpisodeMemory (LEM) attached — writes now sparse at episode commit boundaries
[RI-4 Selectivity] Router temperature=1.0 gumbel_std=0.0
[Gold] Loading real 642 gold from: local_eval/642_adaptive_fine_tuned_200step/adaptive_phase2_checkpoint.pt
[Gold] Real 642 gold successfully prepared for d_model=512
step 102/12 | norm=31.500
[Checkpoint] saved checkpoints/hybrid_ri4_coarse_thought_v1/hybrid_ri4_cont_step104.pt
step 105/12 | norm=32.250
step 108/12 | norm=32.000
[Checkpoint] saved checkpoints/hybrid_ri4_coarse_thought_v1/hybrid_ri4_cont_step108.pt
step 111/12 | norm=32.000
[Checkpoint] saved checkpoints/hybrid_ri4_coarse_thought_v1/hybrid_ri4_cont_step112.pt

Continuation smoke complete. Substrate is now exercisable in a checkpointed loop.
Mode: internal_ri4_primary — slot carry flows through block return value (trained router attached to blocks).
Next: wire real data + full optimizer + 192-style gates on these checkpoints.
