========================================================================
RI-4 HYBRID REAL CONTINUATION (A-Mode Most-Deficient move)
  Horizon: 12 steps | d_model=512
  Gold: local_eval/642_adaptive_fine_tuned_200step/adaptive_phase2_checkpoint.pt
  RI-4 ablations: slots_off=False, persistence_off=False
========================================================================
[HybridBlock] Using official FLA MultiheadLatentAttention (MLA)
[HybridBlock] Using official FLA MultiheadLatentAttention (MLA)
[HybridBlock] Using official FLA MultiheadLatentAttention (MLA)
[HybridBlock] Using official FLA MultiheadLatentAttention (MLA)
[Resume] Loading from checkpoints/hybrid_ri4_internal_primary_test_d512/hybrid_ri4_cont_step100.pt
[Resume] Router loaded with missing keys (new architecture components initialized fresh): ['forget_gate.0.weight', 'forget_gate.0.bias', 'forget_gate.2.weight', 'forget_gate.2.bias', 'write_gate.0.weight', 'write_gate.0.bias', 'write_gate.2.weight', 'write_gate.2.bias']
[Resume] Resumed at step 100
[Internal RI-4 Primary] Router re-attached to blocks after resume
[Internal RI-4 Primary] Router attached to hybrid blocks — carry will flow through block return value
[RI-4 Topology Jump] DecoupledLatentMemoryBank attached (controller-driven, decoupled from per-step recurrence)
  Writes will be routed through bank.controller_write during rehearsal (not automatic per micro-step).
[RI-4 Selectivity] Router temperature=1.2 gumbel_std=0.15
[Gold] Loading real 642 gold from: local_eval/642_adaptive_fine_tuned_200step/adaptive_phase2_checkpoint.pt
[Gold] Real 642 gold successfully prepared for d_model=512
Traceback (most recent call last):
  File "/home/tripleyoung/qtrm-workspace/qtrm_multimodal_memoryos/scripts/train_hybrid_ri4_real_continuation_minimal.py", line 368, in <module>
    main()
  File "/home/tripleyoung/qtrm-workspace/qtrm_multimodal_memoryos/scripts/train_hybrid_ri4_real_continuation_minimal.py", line 318, in main
    bank.controller_write(
  File "/home/tripleyoung/qtrm-workspace/qtrm_multimodal_memoryos/src/qtrm_mm/memory/decoupled_latent_memory_bank.py", line 145, in controller_write
    ctrl_in = torch.cat([state_summary, util], dim=-1)
              ^^^^^^^^^^^^^^^^^^^^^^^^^^^^^^^^^^^^^^^^
RuntimeError: zero-dimensional tensor (at position 1) cannot be concatenated
