========================================================================
RI-4 HYBRID REAL CONTINUATION (A-Mode Most-Deficient move)
  Horizon: 12 steps | d_model=512
  Gold: local_eval/642_adaptive_fine_tuned_200step/adaptive_phase2_checkpoint.pt
  RI-4 ablations: slots_off=False, persistence_off=False
========================================================================
[HybridBlock] Using official FLA MultiheadLatentAttention (MLA)
[HybridBlock] Using official FLA MultiheadLatentAttention (MLA)
[HybridBlock] Using official FLA MultiheadLatentAttention (MLA)
[HybridBlock] Using official FLA MultiheadLatentAttention (MLA)
[Resume] Loading from checkpoints/hybrid_ri4_internal_primary_test_d512/hybrid_ri4_cont_step100.pt
[Resume] Router loaded with missing keys (new architecture components initialized fresh): ['forget_gate.0.weight', 'forget_gate.0.bias', 'forget_gate.2.weight', 'forget_gate.2.bias', 'write_gate.0.weight', 'write_gate.0.bias', 'write_gate.2.weight', 'write_gate.2.bias']
[Resume] Resumed at step 100
[Internal RI-4 Primary] Router re-attached to blocks after resume
[Internal RI-4 Primary] Router attached to hybrid blocks — carry will flow through block return value
[RI-4 Radical Shift] LatentEpisodeMemory (LEM) attached — writes now sparse at episode commit boundaries
[RI-4 Selectivity] Router temperature=1.2 gumbel_std=0.15
[Gold] Loading real 642 gold from: local_eval/642_adaptive_fine_tuned_200step/adaptive_phase2_checkpoint.pt
[Gold] Real 642 gold successfully prepared for d_model=512
step 102/12 | norm=31.500
Traceback (most recent call last):
  File "/home/tripleyoung/qtrm-workspace/qtrm_multimodal_memoryos/scripts/train_hybrid_ri4_real_continuation_minimal.py", line 401, in <module>
    main()
  File "/home/tripleyoung/qtrm-workspace/qtrm_multimodal_memoryos/scripts/train_hybrid_ri4_real_continuation_minimal.py", line 350, in main
    lem.commit_episode(
  File "/home/tripleyoung/qtrm-workspace/qtrm_multimodal_memoryos/src/qtrm_mm/memory/latent_episode_memory.py", line 198, in commit_episode
    ctrl_out = self.commit_controller(ctrl_in)
               ^^^^^^^^^^^^^^^^^^^^^^^^^^^^^^^
  File "/home/tripleyoung/qtrm-workspace/qtrm_multimodal_memoryos/.venv/lib/python3.12/site-packages/torch/nn/modules/module.py", line 1751, in _wrapped_call_impl
    return self._call_impl(*args, **kwargs)
           ^^^^^^^^^^^^^^^^^^^^^^^^^^^^^^^^
  File "/home/tripleyoung/qtrm-workspace/qtrm_multimodal_memoryos/.venv/lib/python3.12/site-packages/torch/nn/modules/module.py", line 1762, in _call_impl
    return forward_call(*args, **kwargs)
           ^^^^^^^^^^^^^^^^^^^^^^^^^^^^^
  File "/home/tripleyoung/qtrm-workspace/qtrm_multimodal_memoryos/.venv/lib/python3.12/site-packages/torch/nn/modules/container.py", line 240, in forward
    input = module(input)
            ^^^^^^^^^^^^^
  File "/home/tripleyoung/qtrm-workspace/qtrm_multimodal_memoryos/.venv/lib/python3.12/site-packages/torch/nn/modules/module.py", line 1751, in _wrapped_call_impl
    return self._call_impl(*args, **kwargs)
           ^^^^^^^^^^^^^^^^^^^^^^^^^^^^^^^^
  File "/home/tripleyoung/qtrm-workspace/qtrm_multimodal_memoryos/.venv/lib/python3.12/site-packages/torch/nn/modules/module.py", line 1762, in _call_impl
    return forward_call(*args, **kwargs)
           ^^^^^^^^^^^^^^^^^^^^^^^^^^^^^
  File "/home/tripleyoung/qtrm-workspace/qtrm_multimodal_memoryos/.venv/lib/python3.12/site-packages/torch/nn/modules/linear.py", line 125, in forward
    return F.linear(input, self.weight, self.bias)
           ^^^^^^^^^^^^^^^^^^^^^^^^^^^^^^^^^^^^^^^
RuntimeError: mat1 and mat2 must have the same dtype, but got Float and BFloat16
