========================================================================
RI-4 Continuation Hybrid 192-Style Proxy Measurement
Checkpoint: checkpoints/hybrid_ri4_cont_today/hybrid_ri4_cont_step140.pt
========================================================================
[HybridBlock] Using official FLA MultiheadLatentAttention (MLA)
[HybridBlock] Using official FLA MultiheadLatentAttention (MLA)
[HybridBlock] Using official FLA MultiheadLatentAttention (MLA)
[HybridBlock] Using official FLA MultiheadLatentAttention (MLA)

=== RESULT ===
checkpoint_step: 60 (gold_structured)
hybrid_forward_call_count: 30
slot_carry_events_observed: 30
scoring_hybrid_calls: 30
scoring_hybrid_carries: 0
engine_exercised: True
cases: 6
steps_per_case: 5
note: Continuation-trained hybrid+RI-4 on gold_structured inputs. First direct 192-style participation measurement.

## CONTINUATION_192_PROXY_JSON_START
{
  "checkpoint_step": "60 (gold_structured)",
  "hybrid_forward_call_count": 30,
  "slot_carry_events_observed": 30,
  "scoring_hybrid_calls": 30,
  "scoring_hybrid_carries": 0,
  "engine_exercised": true,
  "cases": 6,
  "steps_per_case": 5,
  "note": "Continuation-trained hybrid+RI-4 on gold_structured inputs. First direct 192-style participation measurement."
}
## CONTINUATION_192_PROXY_JSON_END
