========================================================================
RI-4 Continuation Hybrid 192-Style Proxy Measurement
Checkpoint: checkpoints/hybrid_ri4_cont_today/hybrid_ri4_cont_step510.pt
========================================================================
[HybridBlock] Using official FLA MultiheadLatentAttention (MLA)
[HybridBlock] Using official FLA MultiheadLatentAttention (MLA)
[HybridBlock] Using official FLA MultiheadLatentAttention (MLA)
[HybridBlock] Using official FLA MultiheadLatentAttention (MLA)
[measure v2] Skipping fresh router attach on loaded block (trainer used external router + manual carry). Flag forced for return-path hygiene only.
[measure v2] Skipping fresh router attach on loaded block (trainer used external router + manual carry). Flag forced for return-path hygiene only.
[measure v2] Skipping fresh router attach on loaded block (trainer used external router + manual carry). Flag forced for return-path hygiene only.
[measure v2] Skipping fresh router attach on loaded block (trainer used external router + manual carry). Flag forced for return-path hygiene only.
[measure v2] Loaded and attached TRAINED router from checkpoint (device=cpu) — now faithful to continuation trainer contract
Running in mode: full
Traceback (most recent call last):
  File "/home/tripleyoung/qtrm-workspace/qtrm_multimodal_memoryos/scripts/measure_continuation_hybrid_192.py", line 372, in <module>
    main()
  File "/home/tripleyoung/qtrm-workspace/qtrm_multimodal_memoryos/scripts/measure_continuation_hybrid_192.py", line 348, in main
    _ = hybrid_blocks[0](torch.randn(2, 1, 128, device=device, dtype=dtype), stochastic_breadth_noise=None, slot_state=None)
        ^^^^^^^^^^^^^^^^^^^^^^^^^^^^^^^^^^^^^^^^^^^^^^^^^^^^^^^^^^^^^^^^^^^^^^^^^^^^^^^^^^^^^^^^^^^^^^^^^^^^^^^^^^^^^^^^^^^^
  File "/home/tripleyoung/qtrm-workspace/qtrm_multimodal_memoryos/.venv/lib/python3.12/site-packages/torch/nn/modules/module.py", line 1751, in _wrapped_call_impl
    return self._call_impl(*args, **kwargs)
           ^^^^^^^^^^^^^^^^^^^^^^^^^^^^^^^^
  File "/home/tripleyoung/qtrm-workspace/qtrm_multimodal_memoryos/.venv/lib/python3.12/site-packages/torch/nn/modules/module.py", line 1762, in _call_impl
    return forward_call(*args, **kwargs)
           ^^^^^^^^^^^^^^^^^^^^^^^^^^^^^
  File "/home/tripleyoung/qtrm-workspace/qtrm_multimodal_memoryos/src/qtrm_mm/blocks.py", line 408, in forward
    out = attn(x_norm, attention_mask=attention_mask)
          ^^^^^^^^^^^^^^^^^^^^^^^^^^^^^^^^^^^^^^^^^^^
  File "/home/tripleyoung/qtrm-workspace/qtrm_multimodal_memoryos/.venv/lib/python3.12/site-packages/torch/nn/modules/module.py", line 1751, in _wrapped_call_impl
    return self._call_impl(*args, **kwargs)
           ^^^^^^^^^^^^^^^^^^^^^^^^^^^^^^^^
  File "/home/tripleyoung/qtrm-workspace/qtrm_multimodal_memoryos/.venv/lib/python3.12/site-packages/torch/nn/modules/module.py", line 1762, in _call_impl
    return forward_call(*args, **kwargs)
           ^^^^^^^^^^^^^^^^^^^^^^^^^^^^^
  File "/home/tripleyoung/qtrm-workspace/qtrm_multimodal_memoryos/references/official/flash-linear-attention-gdn2/fla/layers/mla.py", line 149, in forward
    k_pass, k_rot = self.kv_proj(hidden_states), self.k_rope(hidden_states)
                    ^^^^^^^^^^^^^^^^^^^^^^^^^^^
  File "/home/tripleyoung/qtrm-workspace/qtrm_multimodal_memoryos/.venv/lib/python3.12/site-packages/torch/nn/modules/module.py", line 1751, in _wrapped_call_impl
    return self._call_impl(*args, **kwargs)
           ^^^^^^^^^^^^^^^^^^^^^^^^^^^^^^^^
  File "/home/tripleyoung/qtrm-workspace/qtrm_multimodal_memoryos/.venv/lib/python3.12/site-packages/torch/nn/modules/module.py", line 1762, in _call_impl
    return forward_call(*args, **kwargs)
           ^^^^^^^^^^^^^^^^^^^^^^^^^^^^^
  File "/home/tripleyoung/qtrm-workspace/qtrm_multimodal_memoryos/.venv/lib/python3.12/site-packages/torch/nn/modules/container.py", line 240, in forward
    input = module(input)
            ^^^^^^^^^^^^^
  File "/home/tripleyoung/qtrm-workspace/qtrm_multimodal_memoryos/.venv/lib/python3.12/site-packages/torch/nn/modules/module.py", line 1751, in _wrapped_call_impl
    return self._call_impl(*args, **kwargs)
           ^^^^^^^^^^^^^^^^^^^^^^^^^^^^^^^^
  File "/home/tripleyoung/qtrm-workspace/qtrm_multimodal_memoryos/.venv/lib/python3.12/site-packages/torch/nn/modules/module.py", line 1762, in _call_impl
    return forward_call(*args, **kwargs)
           ^^^^^^^^^^^^^^^^^^^^^^^^^^^^^
  File "/home/tripleyoung/qtrm-workspace/qtrm_multimodal_memoryos/references/official/flash-linear-attention-gdn2/fla/modules/layernorm.py", line 1126, in forward
    return rms_norm(
           ^^^^^^^^^
  File "/home/tripleyoung/qtrm-workspace/qtrm_multimodal_memoryos/references/official/flash-linear-attention-gdn2/fla/modules/layernorm.py", line 874, in rms_norm
    return LayerNormFunction.apply(
           ^^^^^^^^^^^^^^^^^^^^^^^^
  File "/home/tripleyoung/qtrm-workspace/qtrm_multimodal_memoryos/.venv/lib/python3.12/site-packages/torch/autograd/function.py", line 575, in apply
    return super().apply(*args, **kwargs)  # type: ignore[misc]
           ^^^^^^^^^^^^^^^^^^^^^^^^^^^^^^
  File "/home/tripleyoung/qtrm-workspace/qtrm_multimodal_memoryos/references/official/flash-linear-attention-gdn2/fla/utils.py", line 234, in wrapper
    return fn(*processed_args, **processed_kwargs)
           ^^^^^^^^^^^^^^^^^^^^^^^^^^^^^^^^^^^^^^^
  File "/home/tripleyoung/qtrm-workspace/qtrm_multimodal_memoryos/references/official/flash-linear-attention-gdn2/fla/modules/layernorm.py", line 760, in forward
    y, mean, rstd, res_out = layer_norm_fwd(
                             ^^^^^^^^^^^^^^^
  File "/home/tripleyoung/qtrm-workspace/qtrm_multimodal_memoryos/references/official/flash-linear-attention-gdn2/fla/modules/layernorm.py", line 579, in layer_norm_fwd
    layer_norm_fwd_kernel[grid](
  File "/home/tripleyoung/qtrm-workspace/qtrm_multimodal_memoryos/.venv/lib/python3.12/site-packages/triton/runtime/jit.py", line 347, in <lambda>
    return lambda *args, **kwargs: self.run(grid=grid, warmup=False, *args, **kwargs)
                                   ^^^^^^^^^^^^^^^^^^^^^^^^^^^^^^^^^^^^^^^^^^^^^^^^^^
  File "/home/tripleyoung/qtrm-workspace/qtrm_multimodal_memoryos/.venv/lib/python3.12/site-packages/triton/runtime/autotuner.py", line 192, in run
    timings = {config: self._bench(*args, config=config, **kwargs) for config in pruned_configs}
                       ^^^^^^^^^^^^^^^^^^^^^^^^^^^^^^^^^^^^^^^^^^^
  File "/home/tripleyoung/qtrm-workspace/qtrm_multimodal_memoryos/.venv/lib/python3.12/site-packages/triton/runtime/autotuner.py", line 170, in _bench
    return self.do_bench(kernel_call, quantiles=(0.5, 0.2, 0.8))
           ^^^^^^^^^^^^^^^^^^^^^^^^^^^^^^^^^^^^^^^^^^^^^^^^^^^^^
  File "/home/tripleyoung/qtrm-workspace/qtrm_multimodal_memoryos/.venv/lib/python3.12/site-packages/triton/testing.py", line 145, in do_bench
    fn()
  File "/home/tripleyoung/qtrm-workspace/qtrm_multimodal_memoryos/.venv/lib/python3.12/site-packages/triton/runtime/autotuner.py", line 156, in kernel_call
    self.fn.run(
  File "/home/tripleyoung/qtrm-workspace/qtrm_multimodal_memoryos/.venv/lib/python3.12/site-packages/triton/runtime/jit.py", line 591, in run
    kernel.run(grid_0, grid_1, grid_2, stream, kernel.function, kernel.packed_metadata,
  File "/home/tripleyoung/qtrm-workspace/qtrm_multimodal_memoryos/.venv/lib/python3.12/site-packages/triton/backends/nvidia/driver.py", line 529, in __call__
    self.launch(gridX, gridY, gridZ, stream, function, self.launch_cooperative_grid, global_scratch, *args)
ValueError: Pointer argument (at 0) cannot be accessed from Triton (cpu tensor?)
