========================================================================
RI-4 HYBRID REAL CONTINUATION (A-Mode Most-Deficient move)
  Horizon: 8 steps | d_model=256
  Gold: local_eval/642_adaptive_fine_tuned_200step/adaptive_phase2_checkpoint.pt
  RI-4 ablations: slots_off=False, persistence_off=False
========================================================================
[HybridBlock] Using official FLA MultiheadLatentAttention (MLA)
[HybridBlock] Using official FLA MultiheadLatentAttention (MLA)
[HybridBlock] Using official FLA MultiheadLatentAttention (MLA)
[HybridBlock] Using official FLA MultiheadLatentAttention (MLA)
[Internal RI-4 Primary] Router attached to hybrid blocks — carry will flow through block return value
[Gold] Loading real 642 gold from: local_eval/642_adaptive_fine_tuned_200step/adaptive_phase2_checkpoint.pt
[Gold] Real 642 gold successfully prepared for d_model=256
step 2/8 | norm=31.000
step 4/8 | norm=31.750
step 6/8 | norm=31.875
step 8/8 | norm=31.500
[Checkpoint] saved checkpoints/hybrid_ri4_internal_primary_test_d256/hybrid_ri4_cont_step8.pt

Continuation smoke complete. Substrate is now exercisable in a checkpointed loop.
Mode: internal_ri4_primary — slot carry flows through block return value (trained router attached to blocks).
Next: wire real data + full optimizer + 192-style gates on these checkpoints.
