========================================================================
RI-4 HYBRID REAL CONTINUATION (A-Mode Most-Deficient move)
  Horizon: 120 steps | d_model=128
  Gold: local_eval/642_adaptive_fine_tuned_200step/adaptive_phase2_checkpoint.pt
  RI-4 ablations: slots_off=False, persistence_off=False
========================================================================
[HybridBlock] Using official FLA MultiheadLatentAttention (MLA)
[HybridBlock] Using official FLA MultiheadLatentAttention (MLA)
[HybridBlock] Using official FLA MultiheadLatentAttention (MLA)
[HybridBlock] Using official FLA MultiheadLatentAttention (MLA)
[Resume] Loading from checkpoints/hybrid_ri4_cont_today/hybrid_ri4_cont_step140.pt
[Resume] Resumed at step 140
[Gold] Loading real 642 gold from: local_eval/642_adaptive_fine_tuned_200step/adaptive_phase2_checkpoint.pt
[Gold] Real 642 gold successfully prepared for d_model=128
step 150/120 | norm=22.375
[Checkpoint] saved checkpoints/hybrid_ri4_cont_today/hybrid_ri4_cont_step150.pt
step 180/120 | norm=23.375
[Checkpoint] saved checkpoints/hybrid_ri4_cont_today/hybrid_ri4_cont_step180.pt
step 210/120 | norm=21.500
[Checkpoint] saved checkpoints/hybrid_ri4_cont_today/hybrid_ri4_cont_step210.pt
step 240/120 | norm=23.750
[Checkpoint] saved checkpoints/hybrid_ri4_cont_today/hybrid_ri4_cont_step240.pt

Continuation smoke complete. Substrate is now exercisable in a checkpointed loop.
Next: wire real data + full optimizer + 192-style gates on these checkpoints.
