========================================================================
RI-4 HYBRID REAL CONTINUATION (A-Mode Most-Deficient move)
  Horizon: 150 steps | d_model=128
  Gold: local_eval/642_adaptive_fine_tuned_200step/adaptive_phase2_checkpoint.pt
  RI-4 ablations: slots_off=False, persistence_off=False
========================================================================
[HybridBlock] Using official FLA MultiheadLatentAttention (MLA)
[HybridBlock] Using official FLA MultiheadLatentAttention (MLA)
[HybridBlock] Using official FLA MultiheadLatentAttention (MLA)
[HybridBlock] Using official FLA MultiheadLatentAttention (MLA)
[Resume] Loading from checkpoints/hybrid_ri4_cont_today/hybrid_ri4_cont_step360.pt
[Resume] Resumed at step 360
[Gold] Loading real 642 gold from: local_eval/642_adaptive_fine_tuned_200step/adaptive_phase2_checkpoint.pt
[Gold] Real 642 gold successfully prepared for d_model=128
step 370/150 | norm=23.875
[Checkpoint] saved checkpoints/hybrid_ri4_cont_today/hybrid_ri4_cont_step390.pt
step 407/150 | norm=22.000
[Checkpoint] saved checkpoints/hybrid_ri4_cont_today/hybrid_ri4_cont_step420.pt
step 444/150 | norm=21.125
[Checkpoint] saved checkpoints/hybrid_ri4_cont_today/hybrid_ri4_cont_step450.pt
[Checkpoint] saved checkpoints/hybrid_ri4_cont_today/hybrid_ri4_cont_step480.pt
step 481/150 | norm=23.000
[Checkpoint] saved checkpoints/hybrid_ri4_cont_today/hybrid_ri4_cont_step510.pt

Continuation smoke complete. Substrate is now exercisable in a checkpointed loop.
Next: wire real data + full optimizer + 192-style gates on these checkpoints.
