========================================================================
RI-4 HYBRID REAL CONTINUATION (A-Mode Most-Deficient move)
  Horizon: 12 steps | d_model=512
  Gold: local_eval/642_adaptive_fine_tuned_200step/adaptive_phase2_checkpoint.pt
  RI-4 ablations: slots_off=False, persistence_off=False
========================================================================
[HybridBlock] Using official FLA MultiheadLatentAttention (MLA)
[HybridBlock] Using official FLA MultiheadLatentAttention (MLA)
[HybridBlock] Using official FLA MultiheadLatentAttention (MLA)
[HybridBlock] Using official FLA MultiheadLatentAttention (MLA)
[RI-4 Selectivity] Router temperature=1.0 gumbel_std=0.0
[Gold] Loading real 642 gold from: local_eval/642_adaptive_fine_tuned_200step/adaptive_phase2_checkpoint.pt
[Gold] Real 642 gold successfully prepared for d_model=512
  [narrow broadcast interference] broadcast_norm=0.44 (extreme competition + forced forgetting pressure)
step 3/12 | norm=31.125
  [narrow broadcast interference] broadcast_norm=0.40 (extreme competition + forced forgetting pressure)
[Checkpoint] saved checkpoints/hybrid_ri4_narrow_broadcast_fresh_v1/hybrid_ri4_cont_step4.pt
  [narrow broadcast interference] broadcast_norm=0.64 (extreme competition + forced forgetting pressure)
step 6/12 | norm=31.750
  [narrow broadcast interference] broadcast_norm=0.64 (extreme competition + forced forgetting pressure)
[Checkpoint] saved checkpoints/hybrid_ri4_narrow_broadcast_fresh_v1/hybrid_ri4_cont_step8.pt
step 9/12 | norm=30.875
  [narrow broadcast interference] broadcast_norm=0.73 (extreme competition + forced forgetting pressure)
  [narrow broadcast interference] broadcast_norm=0.66 (extreme competition + forced forgetting pressure)
step 12/12 | norm=30.625
[Checkpoint] saved checkpoints/hybrid_ri4_narrow_broadcast_fresh_v1/hybrid_ri4_cont_step12.pt

Continuation smoke complete. Substrate is now exercisable in a checkpointed loop.
Mode: narrow_global_broadcast_interference — extreme competition + forced forgetting via ultra-narrow broadcast (new causal route).
Next: wire real data + full optimizer + 192-style gates on these checkpoints. Parallel Fast-Falsification batch active.
