========================================================================
RI-4 HYBRID REAL CONTINUATION (A-Mode Most-Deficient move)
  Horizon: 12 steps | d_model=512
  Gold: local_eval/642_adaptive_fine_tuned_200step/adaptive_phase2_checkpoint.pt
  RI-4 ablations: slots_off=False, persistence_off=False
========================================================================
[HybridBlock] Using official FLA MultiheadLatentAttention (MLA)
[HybridBlock] Using official FLA MultiheadLatentAttention (MLA)
[HybridBlock] Using official FLA MultiheadLatentAttention (MLA)
[HybridBlock] Using official FLA MultiheadLatentAttention (MLA)
[RI-4 Selectivity] Router temperature=1.0 gumbel_std=0.0
[Gold] Loading real 642 gold from: local_eval/642_adaptive_fine_tuned_200step/adaptive_phase2_checkpoint.pt
[Gold] Real 642 gold successfully prepared for d_model=512
  [recurrence-free memory decision] memory decisions made without hybrid recurrence participation
step 3/12 | norm=31.125
  [recurrence-free memory decision] memory decisions made without hybrid recurrence participation
[Checkpoint] saved checkpoints/hybrid_ri4_rec_free_mem_fresh_v1/hybrid_ri4_cont_step4.pt
  [recurrence-free memory decision] memory decisions made without hybrid recurrence participation
step 6/12 | norm=31.500
  [recurrence-free memory decision] memory decisions made without hybrid recurrence participation
[Checkpoint] saved checkpoints/hybrid_ri4_rec_free_mem_fresh_v1/hybrid_ri4_cont_step8.pt
step 9/12 | norm=31.375
  [recurrence-free memory decision] memory decisions made without hybrid recurrence participation
  [recurrence-free memory decision] memory decisions made without hybrid recurrence participation
step 12/12 | norm=31.000
[Checkpoint] saved checkpoints/hybrid_ri4_rec_free_mem_fresh_v1/hybrid_ri4_cont_step12.pt

Continuation smoke complete. Substrate is now exercisable in a checkpointed loop.
Mode: recurrence_free_memory_decision — memory decisions completely bypass the hybrid recurrence (substrate attack).
Next: wire real data + full optimizer + 192-style gates on these checkpoints. Parallel Fast-Falsification batch active. (User order: positive until it appears)
