========================================================================
RI-4 HYBRID REAL CONTINUATION (A-Mode Most-Deficient move)
  Horizon: 12 steps | d_model=128
  Gold: local_eval/642_adaptive_fine_tuned_200step/adaptive_phase2_checkpoint.pt
  RI-4 ablations: slots_off=False, persistence_off=False
========================================================================
[HybridBlock] Using official FLA MultiheadLatentAttention (MLA)
[HybridBlock] Using official FLA MultiheadLatentAttention (MLA)
[HybridBlock] Using official FLA MultiheadLatentAttention (MLA)
[HybridBlock] Using official FLA MultiheadLatentAttention (MLA)
[Resume] Loading from checkpoints/hybrid_ri4_internal_primary_test/hybrid_ri4_cont_step516.pt
[Resume] Resumed at step 516
[Internal RI-4 Primary] Router re-attached to blocks after resume
[Internal RI-4 Primary] Router attached to hybrid blocks — carry will flow through block return value
[Gold] Loading real 642 gold from: local_eval/642_adaptive_fine_tuned_200step/adaptive_phase2_checkpoint.pt
[Gold] Real 642 gold successfully prepared for d_model=128
step 519/12 | norm=22.000
step 522/12 | norm=21.625
[Checkpoint] saved checkpoints/hybrid_ri4_internal_primary_test/hybrid_ri4_cont_step522.pt
step 525/12 | norm=21.375
step 528/12 | norm=21.250
[Checkpoint] saved checkpoints/hybrid_ri4_internal_primary_test/hybrid_ri4_cont_step528.pt

Continuation smoke complete. Substrate is now exercisable in a checkpointed loop.
Mode: internal_ri4_primary — slot carry flows through block return value (trained router attached to blocks).
Next: wire real data + full optimizer + 192-style gates on these checkpoints.
