========================================================================
RI-4 HYBRID REAL CONTINUATION (A-Mode Most-Deficient move)
  Horizon: 12 steps | d_model=512
  Gold: local_eval/642_adaptive_fine_tuned_200step/adaptive_phase2_checkpoint.pt
  RI-4 ablations: slots_off=False, persistence_off=False
========================================================================
[HybridBlock] Using official FLA MultiheadLatentAttention (MLA)
[HybridBlock] Using official FLA MultiheadLatentAttention (MLA)
[HybridBlock] Using official FLA MultiheadLatentAttention (MLA)
[HybridBlock] Using official FLA MultiheadLatentAttention (MLA)
[RI-4 Selectivity] Router temperature=1.0 gumbel_std=0.0
[Gold] Loading real 642 gold from: local_eval/642_adaptive_fine_tuned_200step/adaptive_phase2_checkpoint.pt
[Gold] Real 642 gold successfully prepared for d_model=512
step 3/12 | norm=30.125
[Checkpoint] saved checkpoints/hybrid_ri4_boundary_gate_fresh_v2/hybrid_ri4_cont_step4.pt
step 6/12 | norm=31.000
[Checkpoint] saved checkpoints/hybrid_ri4_boundary_gate_fresh_v2/hybrid_ri4_cont_step8.pt
step 9/12 | norm=31.625
step 12/12 | norm=30.750
[Checkpoint] saved checkpoints/hybrid_ri4_boundary_gate_fresh_v2/hybrid_ri4_cont_step12.pt

Continuation smoke complete. Substrate is now exercisable in a checkpointed loop.
Mode: learned_episode_boundary_gate — long-term memory access gated behind learned episode boundaries (fast recurrence isolated).
Next: wire real data + full optimizer + 192-style gates on these checkpoints. Parallel Fast-Falsification batch active. (User order: positive until it appears)
