========================================================================
RI-4 HYBRID REAL CONTINUATION (A-Mode Most-Deficient move)
  Horizon: 8 steps | d_model=128
  Gold: local_eval/642_adaptive_fine_tuned_200step/adaptive_phase2_checkpoint.pt
  RI-4 ablations: slots_off=False, persistence_off=False
========================================================================
[HybridBlock] Using official FLA MultiheadLatentAttention (MLA)
[HybridBlock] Using official FLA MultiheadLatentAttention (MLA)
[HybridBlock] Using official FLA MultiheadLatentAttention (MLA)
[HybridBlock] Using official FLA MultiheadLatentAttention (MLA)
[Resume] Loading from checkpoints/hybrid_ri4_cont_today/hybrid_ri4_cont_step510.pt
[Resume] Resumed at step 510
[Internal RI-4 Primary] Router re-attached to blocks after resume
[Internal RI-4 Primary] Router attached to hybrid blocks — carry will flow through block return value
[Gold] Loading real 642 gold from: local_eval/642_adaptive_fine_tuned_200step/adaptive_phase2_checkpoint.pt
[Gold] Real 642 gold successfully prepared for d_model=128
step 512/8 | norm=21.625
[Checkpoint] saved checkpoints/hybrid_ri4_internal_primary_test/hybrid_ri4_cont_step512.pt
step 514/8 | norm=21.875
step 516/8 | norm=21.750
[Checkpoint] saved checkpoints/hybrid_ri4_internal_primary_test/hybrid_ri4_cont_step516.pt
step 518/8 | norm=21.875

Continuation smoke complete. Substrate is now exercisable in a checkpointed loop.
Mode: internal_ri4_primary — slot carry flows through block return value (trained router attached to blocks).
Next: wire real data + full optimizer + 192-style gates on these checkpoints.
