========================================================================
RI-4 Continuation Hybrid 192-Style Proxy Measurement
Checkpoint: checkpoints/hybrid_ri4_cont_today/hybrid_ri4_cont_step510.pt
========================================================================
[HybridBlock] Using official FLA MultiheadLatentAttention (MLA)
[HybridBlock] Using official FLA MultiheadLatentAttention (MLA)
[HybridBlock] Using official FLA MultiheadLatentAttention (MLA)
[HybridBlock] Using official FLA MultiheadLatentAttention (MLA)
[measure v2] Attached fresh SparseSlotRouter (device=cpu) to loaded hybrid block for RI-4 carry observation
[measure v2] Attached fresh SparseSlotRouter (device=cpu) to loaded hybrid block for RI-4 carry observation
[measure v2] Attached fresh SparseSlotRouter (device=cpu) to loaded hybrid block for RI-4 carry observation
[measure v2] Attached fresh SparseSlotRouter (device=cpu) to loaded hybrid block for RI-4 carry observation
Running in mode: full
Traceback (most recent call last):
  File "/home/tripleyoung/qtrm-workspace/qtrm_multimodal_memoryos/scripts/measure_continuation_hybrid_192.py", line 317, in <module>
    main()
  File "/home/tripleyoung/qtrm-workspace/qtrm_multimodal_memoryos/scripts/measure_continuation_hybrid_192.py", line 295, in main
    result = run_192_proxy_on_continuation(
             ^^^^^^^^^^^^^^^^^^^^^^^^^^^^^^
  File "/home/tripleyoung/qtrm-workspace/qtrm_multimodal_memoryos/scripts/measure_continuation_hybrid_192.py", line 179, in run_192_proxy_on_continuation
    out = engine(scoring_in, stochastic_breadth_noise=None, slot_state=current_slot_state)
          ^^^^^^^^^^^^^^^^^^^^^^^^^^^^^^^^^^^^^^^^^^^^^^^^^^^^^^^^^^^^^^^^^^^^^^^^^^^^^^^^
  File "/home/tripleyoung/qtrm-workspace/qtrm_multimodal_memoryos/.venv/lib/python3.12/site-packages/torch/nn/modules/module.py", line 1751, in _wrapped_call_impl
    return self._call_impl(*args, **kwargs)
           ^^^^^^^^^^^^^^^^^^^^^^^^^^^^^^^^
  File "/home/tripleyoung/qtrm-workspace/qtrm_multimodal_memoryos/.venv/lib/python3.12/site-packages/torch/nn/modules/module.py", line 1762, in _call_impl
    return forward_call(*args, **kwargs)
           ^^^^^^^^^^^^^^^^^^^^^^^^^^^^^
  File "/home/tripleyoung/qtrm-workspace/qtrm_multimodal_memoryos/scripts/measure_continuation_hybrid_192.py", line 149, in instrumented
    out = orig_forward(x, slot_state=slot_state, **kw)
          ^^^^^^^^^^^^^^^^^^^^^^^^^^^^^^^^^^^^^^^^^^^^
  File "/home/tripleyoung/qtrm-workspace/qtrm_multimodal_memoryos/src/qtrm_mm/blocks.py", line 384, in forward
    rec_out = head(
              ^^^^^
  File "/home/tripleyoung/qtrm-workspace/qtrm_multimodal_memoryos/.venv/lib/python3.12/site-packages/torch/nn/modules/module.py", line 1751, in _wrapped_call_impl
    return self._call_impl(*args, **kwargs)
           ^^^^^^^^^^^^^^^^^^^^^^^^^^^^^^^^
  File "/home/tripleyoung/qtrm-workspace/qtrm_multimodal_memoryos/.venv/lib/python3.12/site-packages/torch/nn/modules/module.py", line 1762, in _call_impl
    return forward_call(*args, **kwargs)
           ^^^^^^^^^^^^^^^^^^^^^^^^^^^^^
  File "/home/tripleyoung/qtrm-workspace/qtrm_multimodal_memoryos/src/qtrm_mm/mixers.py", line 601, in forward_with_sparse_router
    read_signal, slot_mask, _ = slot_router(
                                ^^^^^^^^^^^^
  File "/home/tripleyoung/qtrm-workspace/qtrm_multimodal_memoryos/.venv/lib/python3.12/site-packages/torch/nn/modules/module.py", line 1751, in _wrapped_call_impl
    return self._call_impl(*args, **kwargs)
           ^^^^^^^^^^^^^^^^^^^^^^^^^^^^^^^^
  File "/home/tripleyoung/qtrm-workspace/qtrm_multimodal_memoryos/.venv/lib/python3.12/site-packages/torch/nn/modules/module.py", line 1762, in _call_impl
    return forward_call(*args, **kwargs)
           ^^^^^^^^^^^^^^^^^^^^^^^^^^^^^
  File "/home/tripleyoung/qtrm-workspace/qtrm_multimodal_memoryos/src/qtrm_mm/memory/sparse_slot_router.py", line 122, in forward
    scores = self.router(x_t)  # (B, num_slots)
             ^^^^^^^^^^^^^^^^
  File "/home/tripleyoung/qtrm-workspace/qtrm_multimodal_memoryos/.venv/lib/python3.12/site-packages/torch/nn/modules/module.py", line 1751, in _wrapped_call_impl
    return self._call_impl(*args, **kwargs)
           ^^^^^^^^^^^^^^^^^^^^^^^^^^^^^^^^
  File "/home/tripleyoung/qtrm-workspace/qtrm_multimodal_memoryos/.venv/lib/python3.12/site-packages/torch/nn/modules/module.py", line 1762, in _call_impl
    return forward_call(*args, **kwargs)
           ^^^^^^^^^^^^^^^^^^^^^^^^^^^^^
  File "/home/tripleyoung/qtrm-workspace/qtrm_multimodal_memoryos/.venv/lib/python3.12/site-packages/torch/nn/modules/container.py", line 240, in forward
    input = module(input)
            ^^^^^^^^^^^^^
  File "/home/tripleyoung/qtrm-workspace/qtrm_multimodal_memoryos/.venv/lib/python3.12/site-packages/torch/nn/modules/module.py", line 1751, in _wrapped_call_impl
    return self._call_impl(*args, **kwargs)
           ^^^^^^^^^^^^^^^^^^^^^^^^^^^^^^^^
  File "/home/tripleyoung/qtrm-workspace/qtrm_multimodal_memoryos/.venv/lib/python3.12/site-packages/torch/nn/modules/module.py", line 1762, in _call_impl
    return forward_call(*args, **kwargs)
           ^^^^^^^^^^^^^^^^^^^^^^^^^^^^^
  File "/home/tripleyoung/qtrm-workspace/qtrm_multimodal_memoryos/.venv/lib/python3.12/site-packages/torch/nn/modules/linear.py", line 125, in forward
    return F.linear(input, self.weight, self.bias)
           ^^^^^^^^^^^^^^^^^^^^^^^^^^^^^^^^^^^^^^^
RuntimeError: Expected all tensors to be on the same device, but found at least two devices, cpu and cuda:0! (when checking argument for argument mat1 in method wrapper_CUDA_addmm)
