========================================================================
RI-4 HYBRID REAL CONTINUATION (A-Mode Most-Deficient move)
  Horizon: 12 steps | d_model=512
  Gold: local_eval/642_adaptive_fine_tuned_200step/adaptive_phase2_checkpoint.pt
  RI-4 ablations: slots_off=False, persistence_off=False
========================================================================
[HybridBlock] Using official FLA MultiheadLatentAttention (MLA)
[HybridBlock] Using official FLA MultiheadLatentAttention (MLA)
[HybridBlock] Using official FLA MultiheadLatentAttention (MLA)
[HybridBlock] Using official FLA MultiheadLatentAttention (MLA)
[Resume] Loading from checkpoints/hybrid_ri4_internal_primary_test_d512/hybrid_ri4_cont_step105.pt
Traceback (most recent call last):
  File "/home/tripleyoung/qtrm-workspace/qtrm_multimodal_memoryos/scripts/train_hybrid_ri4_real_continuation_minimal.py", line 506, in <module>
    main()
  File "/home/tripleyoung/qtrm-workspace/qtrm_multimodal_memoryos/scripts/train_hybrid_ri4_real_continuation_minimal.py", line 180, in main
    model.load_state_dict(ckpt["model"], strict=load_strict)
  File "/home/tripleyoung/qtrm-workspace/qtrm_multimodal_memoryos/.venv/lib/python3.12/site-packages/torch/nn/modules/module.py", line 2593, in load_state_dict
    raise RuntimeError(
RuntimeError: Error(s) in loading state_dict for ModuleList:
	Unexpected key(s) in state_dict: "0.sparse_slot_router.slot_memory", "0.sparse_slot_router.router.0.weight", "0.sparse_slot_router.router.0.bias", "0.sparse_slot_router.router.3.weight", "0.sparse_slot_router.router.3.bias", "0.sparse_slot_router.read_proj.weight", "1.sparse_slot_router.slot_memory", "1.sparse_slot_router.router.0.weight", "1.sparse_slot_router.router.0.bias", "1.sparse_slot_router.router.3.weight", "1.sparse_slot_router.router.3.bias", "1.sparse_slot_router.read_proj.weight", "2.sparse_slot_router.slot_memory", "2.sparse_slot_router.router.0.weight", "2.sparse_slot_router.router.0.bias", "2.sparse_slot_router.router.3.weight", "2.sparse_slot_router.router.3.bias", "2.sparse_slot_router.read_proj.weight", "3.sparse_slot_router.slot_memory", "3.sparse_slot_router.router.0.weight", "3.sparse_slot_router.router.0.bias", "3.sparse_slot_router.router.3.weight", "3.sparse_slot_router.router.3.bias", "3.sparse_slot_router.read_proj.weight". 
