========================================================================
RI-4 HYBRID REAL CONTINUATION (A-Mode Most-Deficient move)
  Horizon: 32 steps | d_model=256
  Gold: local_eval/642_adaptive_fine_tuned_200step/adaptive_phase2_checkpoint.pt
  RI-4 ablations: slots_off=False, persistence_off=False
========================================================================
[HybridBlock] Using official FLA MultiheadLatentAttention (MLA)
[HybridBlock] Using official FLA MultiheadLatentAttention (MLA)
[HybridBlock] Using official FLA MultiheadLatentAttention (MLA)
[HybridBlock] Using official FLA MultiheadLatentAttention (MLA)
[Resume] Loading from checkpoints/hybrid_ri4_internal_primary_test_d256/hybrid_ri4_cont_step8.pt
[Resume] Resumed at step 8
[Internal RI-4 Primary] Router re-attached to blocks after resume
[Internal RI-4 Primary] Router attached to hybrid blocks — carry will flow through block return value
[Gold] Loading real 642 gold from: local_eval/642_adaptive_fine_tuned_200step/adaptive_phase2_checkpoint.pt
[Gold] Real 642 gold successfully prepared for d_model=256
[Checkpoint] saved checkpoints/hybrid_ri4_internal_primary_test_d256/hybrid_ri4_cont_step12.pt
step 16/32 | norm=31.500
[Checkpoint] saved checkpoints/hybrid_ri4_internal_primary_test_d256/hybrid_ri4_cont_step16.pt
[Checkpoint] saved checkpoints/hybrid_ri4_internal_primary_test_d256/hybrid_ri4_cont_step20.pt
step 24/32 | norm=31.000
[Checkpoint] saved checkpoints/hybrid_ri4_internal_primary_test_d256/hybrid_ri4_cont_step24.pt
[Checkpoint] saved checkpoints/hybrid_ri4_internal_primary_test_d256/hybrid_ri4_cont_step28.pt
step 32/32 | norm=32.000
[Checkpoint] saved checkpoints/hybrid_ri4_internal_primary_test_d256/hybrid_ri4_cont_step32.pt
[Checkpoint] saved checkpoints/hybrid_ri4_internal_primary_test_d256/hybrid_ri4_cont_step36.pt
step 40/32 | norm=31.875
[Checkpoint] saved checkpoints/hybrid_ri4_internal_primary_test_d256/hybrid_ri4_cont_step40.pt

Continuation smoke complete. Substrate is now exercisable in a checkpointed loop.
Mode: internal_ri4_primary — slot carry flows through block return value (trained router attached to blocks).
Next: wire real data + full optimizer + 192-style gates on these checkpoints.
