
================================================================================
PIVOT SAFETY WARNING: Inductive biases missing from primary One-Body path
================================================================================

  Component: state_transition_core
  active_in_primary_onebody_path = False
  Note: Reusable GRAM/PTRM-style state transition core family (legacy implementation). Provides the original stochastic recurrent breadth inductive bias (true_gram prior/posterior sampling + high-level guidance) that contributed to historical 5.53~5.56 signals. See Historical Signal Reconstruction: docs/wik...
  → Any SSOT requiring executable ablations on this bias is currently unfulfillable.

  See: docs/wiki/process/pivot-safety-and-inductive-bias-preservation.md
================================================================================

[Architecture Alignment] --run_72_heldout_only + --internal_fast_recurrent → forcing inference_mode on FastGated + light paths

======================================================================
[PROPER PORTING ACTIVE] Workspaces + Attractor + Provenance
  These three historical experiment tracks are now first-class in the main RI-4 pipeline.
  This is the default behavior per user instruction ('제대로 포팅을 하라고').
  Use --enable-workspaces / --enable-attractor / --enable-provenance for fine control.
======================================================================


======================================================================
[RI-1 M1 ACTIVE] Variable Depth Training Schedule enabled (Huginn-style)
  Sampling mode: randint | mean=4 max=8
  Composes with proper 3-track Attractor (depth-wise monotonic on memory_buffer)
  This closes the Reverse I→G→A gap for RI-1 depth scaling inductive bias.
======================================================================

[GPU FORCE] Brain memory enabled → forcing device=cuda, dtype=float32 to prevent cpu/cuda + dtype mismatches

======================================================================
BRAIN MEMORY FREEZE RISK ASSESSMENT
======================================================================
!! HIGH RISK of computer freeze during this run !!
Risk Level: HIGH (score=3)
Reasons:
  - Heldout/72 eval active with brain memory (very heavy: K-trajectories + long-term router)

Recommended safe flags:
  --heldout_eval_interval 0
  --heldout_max_cases 8~16  (for any heldout)
  Consider lowering K with a custom run if doing very long experiments.
======================================================================

[LIGHT NATIVE HARDENING APPLIED] K=1 forced, long-term writes blocked, no_grad + per-case gc active.
  This is the best we can do for 'real native full-stack' without immediate system hang on this hardware.
  Still use --heldout_max_cases 8 and monitor closely.
[AUTO-SAFE] High risk → forcing heldout_eval_interval=0
[Logging] Direct run log at checkpoints/hybrid_ri4_cont/run.log (in addition to stdout + TB)
========================================================================
RI-4 HYBRID REAL CONTINUATION (A-Mode Most-Deficient move)
  Horizon: 50 steps | d_model=128
  Gold: None
  RI-4 ablations: slots_off=False, persistence_off=False

========================================================================
>>> PROPER PORTING OF HISTORICAL TRACKS IS ACTIVE <<<
    - Gated Thought Workspaces (importance/ALRMC selector)
    - Answer Align Attractor (depth-wise monotonic pressure)
    - Provenance + World Model Gated Register
    These three tracks are now treated as first-class citizens
    in the main RI-4 + 5.56 continuation pipeline.
    This is the new default per explicit user instruction.
========================================================================

========================================================================
>>> ARCHITECTURE: v1.2 (Hybrid RI-4 + FULL v0.5 5.56 Curriculum + ARCHITECTURAL TRAJECTORY GUARDRAIL)
    full_curriculum_rehearsal_step + rolling buffer + decay-scaled gold injection + protection_during_rehearsal=0.7
    + K-candidate selection INSIDE OneBodyParallelHybridBlock recurrence (v0.x StateTransitionCore spirit)
    (This is the architecture modification that was required alongside the accuracy cycle.)
    + RI-1 M1 Variable Depth Training (Huginn-style sampling in pressure/rehearsal loops)
      (properly ported per research-driven skill: now first-class + ablatable in active trainer)
[HybridBlock] Could not load official FLA MLA, falling back to simplified version: No module named 'einops'
[HybridBlock] Could not load official FLA MLA, falling back to simplified version: No module named 'einops'
[HybridBlock] Could not load official FLA MLA, falling back to simplified version: No module named 'einops'
[HybridBlock] Could not load official FLA MLA, falling back to simplified version: No module named 'einops'
[v0.5 Curriculum Restoration] PRIMARY PATH: full_curriculum_rehearsal_step (decay + protection + gold injection + buffer selection) for gold_structured mode
[Memory Redefinition] BrainMimeticTripleMemory (Working + Attractor + Provenance) attached as active participant
[D] Internal FastGatedLinearRecurrence (Griffin-style) enabled on hybrid blocks
  Triple memory state initialized (guarded for stub/root-bypass path)
  [Long-Term Memory] Activation skipped (non-fatal): 'NoneType' object has no attribute 'to'
  [OPTIMIZED LIGHT NATIVE] 72 heldout will run with brain full-stack attached but K=1 + all writes blocked + no_grad planned
  This is the minimal honest native path that can run without freezing the machine.
  [NATIVE EVAL PUSH] Brain memory participation kept during 72 (no full bypass).
  Optimizing per-step cost while maintaining real native influence.
[RI-4 Selectivity] Router temperature=1.0 gumbel_std=0.0
[C-Track] TensorBoard enabled at checkpoints/hybrid_ri4_cont/tb (train_loss + eval_loss + Heldout/*_acc)

=== RUN_72_HELDOUT_ONLY MODE (OPTIMIZED NATIVE FULL-STACK) ===
[Pre-flight] Final aggressive memory cleanup before native 72 with brain components...
[72 Alignment] FastGated + brain paths forced into inference_mode for clean native measurement
  Light mode (K=1 + long-term read-only + inference_mode + max cases cap) active.
  [NATIVE EVAL PUSH] Brain memory participating (optimized per-step cost, no full bypass).
[1번 A] Compiled hybrid-only forward enabled (brain step moved outside, mode=default)
[ROOT FIX] Skipped external triple.step (internal FastGated citizen active)
    [1번 A Timing] micro1 eager triple.step(B=8): 0.000s
  [1번 A Timing] micro-step 1 total: 0.001s
  [1번 Timing] micro-step 1 total: 0.001s
  [1번 A Timing] micro-step 2 total: 0.001s
  [1번 Timing] micro-step 2 total: 0.001s
[ROOT FIX] Skipped external triple.step (internal FastGated citizen active)
    [1번 A Timing] micro3 eager triple.step(B=8): 0.000s
  [1번 A Timing] micro-step 3 total: 0.001s
  [1번 Timing] micro-step 3 total: 0.001s
  [1번 A Timing] micro-step 4 total: 0.001s
  [1번 Timing] micro-step 4 total: 0.001s
 [1번 Timing] Full batched 8 cases wall: 0.005s
[1번 A] Compiled hybrid-only forward enabled (brain step moved outside, mode=default)
[ROOT FIX] Skipped external triple.step (internal FastGated citizen active)
    [1번 A Timing] micro1 eager triple.step(B=8): 0.000s
  [1번 A Timing] micro-step 1 total: 0.001s
  [1번 Timing] micro-step 1 total: 0.001s
  [1번 A Timing] micro-step 2 total: 0.001s
  [1번 Timing] micro-step 2 total: 0.001s
[ROOT FIX] Skipped external triple.step (internal FastGated citizen active)
    [1번 A Timing] micro3 eager triple.step(B=8): 0.000s
  [1번 A Timing] micro-step 3 total: 0.001s
  [1번 Timing] micro-step 3 total: 0.001s
  [1번 A Timing] micro-step 4 total: 0.001s
  [1번 Timing] micro-step 4 total: 0.001s
 [1번 Timing] Full batched 8 cases wall: 0.005s

[72 HELDOUT - NATIVE BRAIN] reasoning: 1/8 (12.50%) | memory: 0/8 (0.00%)
Exiting after optimized heldout only. (No training loop executed)
