=== Launching 5.56 Full Curriculum Minimal Trainer (Reverse I→G→A + 5.56 Gold Curriculum) ===
Steps: 100 | Batch: 8 | d_model: 128
Stochastic Breadth: --enable_stochastic_breadth (ablation_zero=false)
Save dir: local_556_real642_full_gstage_matrix_fixed_20260527_1256/04_no_scheduled_decay_fixed_high
Resume: none
Gold path: --gold_path local_eval/642_adaptive_fine_tuned_200step/adaptive_phase2_checkpoint.pt
This launcher drives the full 5.56 Adaptive Rehearsal curriculum reconstruction
(scheduled decay 0.40→0.04 + attractor protection + gold structural bias + stochastic breadth).

Using python: /home/tripleyoung/qtrm-workspace/qtrm_multimodal_memoryos/.venv/bin/python
=== 5.56 Full Curriculum Minimal Trainer (with Checkpointing) ===
Steps: 100, Batch: 8, d_model: 128
Stochastic Breadth: True (ablation_zero=False)
Save dir: local_556_real642_full_gstage_matrix_fixed_20260527_1256/04_no_scheduled_decay_fixed_high
Gold path: local_eval/642_adaptive_fine_tuned_200step/adaptive_phase2_checkpoint.pt

[GoldProxy] Attempting real 642 gold load from: local_eval/642_adaptive_fine_tuned_200step/adaptive_phase2_checkpoint.pt
[GoldProxy] WARNING: real checkpoint loaded but no recognized gold/bos/latent key found.
             This run will use synthetic proxy. (Reverse I→G→A documented gap)
[GoldProxy] Using synthetic proxy (no real 642 gold inductive bias carried).
[Gold Handling] Real gold_path provided but extraction produced 1D proxy. Disabling injection for shape safety. Other 5.56 curriculum dynamics (decay, stochastic breadth, protection) remain fully active.
[   0/100] z_h_norm=269.3824  bind=0.400  gold_alpha=0.000  stoch_div=13.2457  gold_dist=0.000  drift=0.0000
[   5/100] z_h_norm=269.1046  bind=0.382  gold_alpha=0.000  stoch_div=13.0502  gold_dist=0.000  drift=0.3029
