
================================================================================
PIVOT SAFETY WARNING: Inductive biases missing from primary One-Body path
================================================================================

  Component: state_transition_core
  active_in_primary_onebody_path = False
  Note: Reusable GRAM/PTRM-style state transition core family (legacy implementation). Provides the original stochastic recurrent breadth inductive bias (true_gram prior/posterior sampling + high-level guidance) that contributed to historical 5.53~5.56 signals. See Historical Signal Reconstruction: docs/wik...
  → Any SSOT requiring executable ablations on this bias is currently unfulfillable.

  See: docs/wiki/process/pivot-safety-and-inductive-bias-preservation.md
================================================================================


======================================================================
[PROPER PORTING ACTIVE] Workspaces + Attractor + Provenance
  These three historical experiment tracks are now first-class in the main RI-4 pipeline.
  This is the default behavior per user instruction ('제대로 포팅을 하라고').
  Use --enable-workspaces / --enable-attractor / --enable-provenance for fine control.
======================================================================


======================================================================
[RI-1 M1 ACTIVE] Variable Depth Training Schedule enabled (Huginn-style)
  Sampling mode: randint | mean=5 max=12
  Composes with proper 3-track Attractor (depth-wise monotonic on memory_buffer)
  This closes the Reverse I→G→A gap for RI-1 depth scaling inductive bias.
======================================================================

[Logging] Direct run log at experiments/ri1_stoch_inner_on_vs_zero/on/run.log (in addition to stdout + TB)
========================================================================
RI-4 HYBRID REAL CONTINUATION (A-Mode Most-Deficient move)
  Horizon: 12 steps | d_model=128
  Gold: None
  RI-4 ablations: slots_off=False, persistence_off=False

========================================================================
>>> PROPER PORTING OF HISTORICAL TRACKS IS ACTIVE <<<
    - Gated Thought Workspaces (importance/ALRMC selector)
    - Answer Align Attractor (depth-wise monotonic pressure)
    - Provenance + World Model Gated Register
    These three tracks are now treated as first-class citizens
    in the main RI-4 + 5.56 continuation pipeline.
    This is the new default per explicit user instruction.
========================================================================

========================================================================
>>> ARCHITECTURE: v1.2 (Hybrid RI-4 + FULL v0.5 5.56 Curriculum + ARCHITECTURAL TRAJECTORY GUARDRAIL)
    full_curriculum_rehearsal_step + rolling buffer + decay-scaled gold injection + protection_during_rehearsal=0.7
    + K-candidate selection INSIDE OneBodyParallelHybridBlock recurrence (v0.x StateTransitionCore spirit)
    (This is the architecture modification that was required alongside the accuracy cycle.)
    + RI-1 M1 Variable Depth Training (Huginn-style sampling in pressure/rehearsal loops)
      (properly ported per research-driven skill: now first-class + ablatable in active trainer)
[HybridBlock] Using official FLA MultiheadLatentAttention (MLA)
[HybridBlock] Using official FLA MultiheadLatentAttention (MLA)
[HybridBlock] Using official FLA MultiheadLatentAttention (MLA)
[HybridBlock] Using official FLA MultiheadLatentAttention (MLA)
[v0.5 Curriculum Restoration] PRIMARY PATH: full_curriculum_rehearsal_step (decay + protection + gold injection + buffer selection) for gold_structured mode
[Resume] Loading from checkpoints/hybrid_ri4_ri1_m1_long_20260528_1303/hybrid_ri4_cont_step25.pt
[Resume] Resumed at step 25
[RI-4 Selectivity] Router temperature=1.0 gumbel_std=0.0
[C-Track] TensorBoard enabled at experiments/ri1_stoch_inner_on_vs_zero/on/tb (train_loss + eval_loss + Heldout/*_acc)
[B+C-Track] Periodic real heldout accuracy probe ACTIVE every 5 steps (max_cases=8) on reasoning + memory 72.jsonl
  [RI-1 M1 C-Track] Training distribution now includes variable depth (last sampled ~3)
step 26/37 | train_loss=0.202148 | eval_loss=0.038330
  [RI-1 M1 C-Track] Training distribution now includes variable depth (last sampled ~4)
step 27/37 | train_loss=0.176758 | eval_loss=0.038574
step 27/12 | norm=11.000
  [RI-1 M1 C-Track] Training distribution now includes variable depth (last sampled ~4)
step 28/37 | train_loss=0.151367 | eval_loss=0.037354
  [RI-1 M1 C-Track] Training distribution now includes variable depth (last sampled ~3)
step 29/37 | train_loss=0.134766 | eval_loss=0.037109
  [RI-1 M1] Step 29: sampled effective_depth=5 for answer_pressure (C-track)
  [RI-1 M1] Step 29: sampled effective_depth=12 for monotonic_pressure (Attractor composition)
  [RI-1 M1 C-Track] Training distribution now includes variable depth (last sampled ~5)
step 30/37 | train_loss=0.116699 | eval_loss=0.036865 | reasoning_heldout=1/8(0.12) memory_heldout=2/8(0.25)
step 30/12 | norm=9.188
[Checkpoint] saved experiments/ri1_stoch_inner_on_vs_zero/on/hybrid_ri4_cont_step30.pt
  [RI-1 M1 C-Track] Training distribution now includes variable depth (last sampled ~4)
step 31/37 | train_loss=0.101074 | eval_loss=0.037354
  [RI-1 M1 C-Track] Training distribution now includes variable depth (last sampled ~6)
step 32/37 | train_loss=0.086914 | eval_loss=0.036621
  [RI-1 M1 C-Track] Training distribution now includes variable depth (last sampled ~6)
step 33/37 | train_loss=0.082520 | eval_loss=0.036865
step 33/12 | norm=7.781
  [RI-1 M1 C-Track] Training distribution now includes variable depth (last sampled ~5)
step 34/37 | train_loss=0.073730 | eval_loss=0.037109
  [RI-1 M1 C-Track] Training distribution now includes variable depth (last sampled ~6)
step 35/37 | train_loss=0.066406 | eval_loss=0.038086 | reasoning_heldout=1/8(0.12) memory_heldout=2/8(0.25)
  [RI-1 M1] Step 35: sampled effective_depth=9 for answer_pressure (C-track)
  [RI-1 M1] Step 35: sampled effective_depth=12 for monotonic_pressure (Attractor composition)
  [RI-1 M1 C-Track] Training distribution now includes variable depth (last sampled ~6)
step 36/37 | train_loss=0.061279 | eval_loss=0.036377
step 36/12 | norm=6.625
[Checkpoint] saved experiments/ri1_stoch_inner_on_vs_zero/on/hybrid_ri4_cont_step36.pt
  [RI-1 M1 C-Track] Training distribution now includes variable depth (last sampled ~6)
step 37/37 | train_loss=0.057373 | eval_loss=0.038818

Continuation smoke complete. Substrate is now exercisable in a checkpointed loop.
Next: wire real data + full optimizer + 192-style gates on these checkpoints. Parallel Fast-Falsification batch active. (User order: positive until it appears)
[C-Track] TensorBoard flushed+closed. Logs at: experiments/ri1_stoch_inner_on_vs_zero/on/tb  (tensorboard --logdir experiments/ri1_stoch_inner_on_vs_zero/on/tb)
