=== Launching 5.56 Full Curriculum Minimal Trainer (Reverse I→G→A + 5.56 Gold Curriculum) ===
Steps: 100 | Batch: 8 | d_model: 128
Stochastic Breadth: --enable_stochastic_breadth (ablation_zero=true)
Save dir: local_556_real642_full_gstage_matrix_fixed_20260527_1256/02_stochastic_ablation_zero
Resume: none
Gold path: --gold_path local_eval/642_adaptive_fine_tuned_200step/adaptive_phase2_checkpoint.pt
This launcher drives the full 5.56 Adaptive Rehearsal curriculum reconstruction
(scheduled decay 0.40→0.04 + attractor protection + gold structural bias + stochastic breadth).

Using python: /home/tripleyoung/qtrm-workspace/qtrm_multimodal_memoryos/.venv/bin/python
=== 5.56 Full Curriculum Minimal Trainer (with Checkpointing) ===
Steps: 100, Batch: 8, d_model: 128
Stochastic Breadth: True (ablation_zero=True)
Save dir: local_556_real642_full_gstage_matrix_fixed_20260527_1256/02_stochastic_ablation_zero
Gold path: local_eval/642_adaptive_fine_tuned_200step/adaptive_phase2_checkpoint.pt

[GoldProxy] Attempting real 642 gold load from: local_eval/642_adaptive_fine_tuned_200step/adaptive_phase2_checkpoint.pt
[GoldProxy] WARNING: real checkpoint loaded but no recognized gold/bos/latent key found.
             This run will use synthetic proxy. (Reverse I→G→A documented gap)
[GoldProxy] Using synthetic proxy (no real 642 gold inductive bias carried).
[Gold Handling] Real gold_path provided but extraction produced 1D proxy. Disabling injection for shape safety. Other 5.56 curriculum dynamics (decay, stochastic breadth, protection) remain fully active.
[   0/100] z_h_norm=256.8676  bind=0.400  gold_alpha=0.000  stoch_div=0.0000  gold_dist=0.000  drift=0.0000
[   5/100] z_h_norm=256.9499  bind=0.382  gold_alpha=0.000  stoch_div=0.0000  gold_dist=0.000  drift=0.6812
[  10/100] z_h_norm=256.8918  bind=0.364  gold_alpha=0.000  stoch_div=0.0000  gold_dist=0.000  drift=0.0594
[  15/100] z_h_norm=257.1892  bind=0.346  gold_alpha=0.000  stoch_div=0.0000  gold_dist=0.000  drift=0.3895
[  20/100] z_h_norm=255.7666  bind=0.328  gold_alpha=0.000  stoch_div=0.0000  gold_dist=0.000  drift=0.7142
[  25/100] z_h_norm=256.3946  bind=0.310  gold_alpha=0.000  stoch_div=0.0000  gold_dist=0.000  drift=0.2570
[  30/100] z_h_norm=256.6300  bind=0.292  gold_alpha=0.000  stoch_div=0.0000  gold_dist=0.000  drift=0.5213
[  35/100] z_h_norm=257.9908  bind=0.274  gold_alpha=0.000  stoch_div=0.0000  gold_dist=0.000  drift=0.7719
[  40/100] z_h_norm=257.4399  bind=0.256  gold_alpha=0.000  stoch_div=0.0000  gold_dist=0.000  drift=0.8218
[  45/100] z_h_norm=256.2009  bind=0.238  gold_alpha=0.000  stoch_div=0.0000  gold_dist=0.000  drift=1.7295
[  50/100] z_h_norm=256.4029  bind=0.220  gold_alpha=0.000  stoch_div=0.0000  gold_dist=0.000  drift=0.4134
[  55/100] z_h_norm=256.9021  bind=0.202  gold_alpha=0.000  stoch_div=0.0000  gold_dist=0.000  drift=0.1471
[  60/100] z_h_norm=255.9184  bind=0.184  gold_alpha=0.000  stoch_div=0.0000  gold_dist=0.000  drift=1.1750
[  65/100] z_h_norm=257.9118  bind=0.166  gold_alpha=0.000  stoch_div=0.0000  gold_dist=0.000  drift=0.3328
[  70/100] z_h_norm=256.4605  bind=0.148  gold_alpha=0.000  stoch_div=0.0000  gold_dist=0.000  drift=0.1780
[  75/100] z_h_norm=257.2854  bind=0.130  gold_alpha=0.000  stoch_div=0.0000  gold_dist=0.000  drift=0.5564
[  80/100] z_h_norm=256.8960  bind=0.112  gold_alpha=0.000  stoch_div=0.0000  gold_dist=0.000  drift=0.1938
[  85/100] z_h_norm=256.6233  bind=0.094  gold_alpha=0.000  stoch_div=0.0000  gold_dist=0.000  drift=0.4559
[  90/100] z_h_norm=257.2509  bind=0.076  gold_alpha=0.000  stoch_div=0.0000  gold_dist=0.000  drift=0.4235
[  95/100] z_h_norm=256.4701  bind=0.058  gold_alpha=0.000  stoch_div=0.0000  gold_dist=0.000  drift=0.1078
[  99/100] z_h_norm=256.5991  bind=0.044  gold_alpha=0.000  stoch_div=0.0000  gold_dist=0.000  drift=0.0253

Run finished. Checkpoints saved to: local_556_real642_full_gstage_matrix_fixed_20260527_1256/02_stochastic_ablation_zero
Best checkpoint metric (min drift): 0.0000
Artifacts: best.pt, last.pt, metrics.json, config.json
5.56 curriculum metrics in metrics.json: bind_weight, gold_alpha_effective, attractor_protection_active,
  stochastic_diversity (Reverse I→G→A breadth), gold_dist, state_stability_proxy

Run finished. Artifacts in: local_556_real642_full_gstage_matrix_fixed_20260527_1256/02_stochastic_ablation_zero
  - best.pt / last.pt
  - metrics.json   (now contains 5.56 curriculum metrics: bind_weight, stochastic_diversity, gold_dist, ...)
  - config.json

To reproduce a real 642 gold run (recommended next):
  bash scripts/launch_556_local_smoke.sh --steps 200 --enable_stochastic_breadth \
      --gold_path local_eval/642_adaptive_fine_tuned_200step/adaptive_phase2_checkpoint.pt
